<?xml version="1.0" encoding="utf-8"?>
<TestRun id="fdb09484-d18c-4526-bd44-a2e07c595dd0" name="Vedant@LAPTOP-NSFAM8KS 2026-04-27 13:33:35" runUser="LAPTOP-NSFAM8KS\Vedant" xmlns="http://microsoft.com/schemas/VisualStudio/TeamTest/2010">
  <Times creation="2026-04-27T13:33:35.7290264+05:30" queuing="2026-04-27T13:33:35.7290268+05:30" start="2026-04-27T13:33:32.2737496+05:30" finish="2026-04-27T13:33:55.3876421+05:30" />
  <TestSettings name="default" id="d977dfab-b448-4a45-a275-d16a1cced0c1">
    <Deployment runDeploymentRoot="Vedant_LAPTOP-NSFAM8KS_2026-04-27_13_33_35" />
  </TestSettings>
  <Results>
    <UnitTestResult executionId="8d368e7b-e747-48bc-a96d-e2b15eb8aa78" testId="e80d29a5-2c5d-8a4b-0e14-82d517bbae86" testName="EcoBackend.Tests.Services.EmailServiceTests.VerifyEmailTokenAsync_ShouldReturnTrue_WithValidToken" computerName="LAPTOP-NSFAM8KS" duration="00:00:00.1051318" startTime="2026-04-27T13:33:55.0449652+05:30" endTime="2026-04-27T13:33:55.0449653+05:30" testType="13cdc9d9-ddb5-4fa4-a97d-d965ccfc6d4b" outcome="Passed" testListId="8c84fa94-04c1-424b-9868-57a2d4851a1d" relativeResultsDirectory="8d368e7b-e747-48bc-a96d-e2b15eb8aa78" />
    <UnitTestResult executionId="3f169bd2-a5b2-49a5-a3d8-d8d7650325a0" testId="fb1c73aa-55a0-8ccd-ea2e-c2769cb3a66a" testName="EcoBackend.Tests.Integration.TravelEndpointTests.BatchUploadLocations_ShouldSucceed" computerName="LAPTOP-NSFAM8KS" duration="00:00:00.0436082" startTime="2026-04-27T13:33:50.0903686+05:30" endTime="2026-04-27T13:33:50.0903687+05:30" testType="13cdc9d9-ddb5-4fa4-a97d-d965ccfc6d4b" outcome="Passed" testListId="8c84fa94-04c1-424b-9868-57a2d4851a1d" relativeResultsDirectory="3f169bd2-a5b2-49a5-a3d8-d8d7650325a0" />
    <UnitTestResult executionId="7935d216-33d3-461c-915c-c298acdaeba6" testId="2eb285aa-acfb-e90c-2fde-a10c192d6f89" testName="EcoBackend.Tests.Integration.ActivitiesEndpointTests.GetTips_ShouldReturnList" computerName="LAPTOP-NSFAM8KS" duration="00:00:00.0221121" startTime="2026-04-27T13:33:41.8496061+05:30" endTime="2026-04-27T13:33:41.8496064+05:30" testType="13cdc9d9-ddb5-4fa4-a97d-d965ccfc6d4b" outcome="Passed" testListId="8c84fa94-04c1-424b-9868-57a2d4851a1d" relativeResultsDirectory="7935d216-33d3-461c-915c-c298acdaeba6" />
    <UnitTestResult executionId="6dd217d1-7460-41ba-9bba-12c0b8d419c9" testId="c64f9aeb-0e95-90a9-7271-a50f42b565d8" testName="EcoBackend.Tests.Integration.AchievementsEndpointTests.GetChallenges_ShouldReturnList" computerName="LAPTOP-NSFAM8KS" duration="00:00:00.0438514" startTime="2026-04-27T13:33:36.3114309+05:30" endTime="2026-04-27T13:33:36.3114314+05:30" testType="13cdc9d9-ddb5-4fa4-a97d-d965ccfc6d4b" outcome="Passed" testListId="8c84fa94-04c1-424b-9868-57a2d4851a1d" relativeResultsDirectory="6dd217d1-7460-41ba-9bba-12c0b8d419c9" />
    <UnitTestResult executionId="b2b06df9-2c63-4e61-9e45-336134e5855b" testId="b3d7c0cc-638a-a196-df21-d09165c8e78b" testName="EcoBackend.Tests.Integration.UsersEndpointTests.ForgotPassword_ShouldAcceptValidEmail" computerName="LAPTOP-NSFAM8KS" duration="00:00:00.1196721" startTime="2026-04-27T13:33:53.7218289+05:30" endTime="2026-04-27T13:33:53.7218291+05:30" testType="13cdc9d9-ddb5-4fa4-a97d-d965ccfc6d4b" outcome="Passed" testListId="8c84fa94-04c1-424b-9868-57a2d4851a1d" relativeResultsDirectory="b2b06df9-2c63-4e61-9e45-336134e5855b" />
    <UnitTestResult executionId="8fb70485-275d-4885-95eb-e90e99c6bb1e" testId="bea1bbfa-1e7c-373a-9f8b-444a5ce22a98" testName="EcoBackend.Tests.Integration.AnalyticsEndpointTests.ExportCsv_WithPeriod_ShouldWork" computerName="LAPTOP-NSFAM8KS" duration="00:00:00.0026954" startTime="2026-04-27T13:33:43.4046051+05:30" endTime="2026-04-27T13:33:43.4046052+05:30" testType="13cdc9d9-ddb5-4fa4-a97d-d965ccfc6d4b" outcome="Passed" testListId="8c84fa94-04c1-424b-9868-57a2d4851a1d" relativeResultsDirectory="8fb70485-275d-4885-95eb-e90e99c6bb1e" />
    <UnitTestResult executionId="4dd2cf4e-4930-4ad5-a931-19b42b86b944" testId="3acfc010-bb93-8b79-f691-4015d0ac1f8e" testName="EcoBackend.Tests.Integration.UsersEndpointTests.DailyScores_ShouldCreateAndRetrieve" computerName="LAPTOP-NSFAM8KS" duration="00:00:00.2371363" startTime="2026-04-27T13:33:52.3740622+05:30" endTime="2026-04-27T13:33:52.3740623+05:30" testType="13cdc9d9-ddb5-4fa4-a97d-d965ccfc6d4b" outcome="Passed" testListId="8c84fa94-04c1-424b-9868-57a2d4851a1d" relativeResultsDirectory="4dd2cf4e-4930-4ad5-a931-19b42b86b944" />
    <UnitTestResult executionId="7134e050-17c8-4c96-9028-af8c658f01f0" testId="8b61b116-3e24-0258-4254-4a3b39596649" testName="EcoBackend.Tests.Integration.ActivitiesEndpointTests.CreateActivity_ShouldReturn401_WhenNotAuthenticated" computerName="LAPTOP-NSFAM8KS" duration="00:00:00.0084767" startTime="2026-04-27T13:33:38.7281560+05:30" endTime="2026-04-27T13:33:38.7281563+05:30" testType="13cdc9d9-ddb5-4fa4-a97d-d965ccfc6d4b" outcome="Passed" testListId="8c84fa94-04c1-424b-9868-57a2d4851a1d" relativeResultsDirectory="7134e050-17c8-4c96-9028-af8c658f01f0" />
    <UnitTestResult executionId="4f6bae3e-e0ba-4bb2-b04d-3a5a36926b1e" testId="a6bacfb0-1985-34cd-70fa-613e15ce011b" testName="EcoBackend.Tests.Integration.AchievementsEndpointTests.GetAchievementsSummary_ShouldReturnData" computerName="LAPTOP-NSFAM8KS" duration="00:00:00.1169293" startTime="2026-04-27T13:33:38.1131439+05:30" endTime="2026-04-27T13:33:38.1131442+05:30" testType="13cdc9d9-ddb5-4fa4-a97d-d965ccfc6d4b" outcome="Passed" testListId="8c84fa94-04c1-424b-9868-57a2d4851a1d" relativeResultsDirectory="4f6bae3e-e0ba-4bb2-b04d-3a5a36926b1e" />
    <UnitTestResult executionId="5023b9d8-4347-49bf-8c97-b2d9346c90a5" testId="edae0932-ace7-5c8b-002b-034954436cbe" testName="EcoBackend.Tests.Integration.UsersEndpointTests.Login_ShouldReturnTokens_WithValidCredentials" computerName="LAPTOP-NSFAM8KS" duration="00:00:00.1076284" startTime="2026-04-27T13:33:54.4978463+05:30" endTime="2026-04-27T13:33:54.4978464+05:30" testType="13cdc9d9-ddb5-4fa4-a97d-d965ccfc6d4b" outcome="Passed" testListId="8c84fa94-04c1-424b-9868-57a2d4851a1d" relativeResultsDirectory="5023b9d8-4347-49bf-8c97-b2d9346c90a5" />
    <UnitTestResult executionId="23112dcd-8db4-4f52-86dd-96fded33adbe" testId="34a723fb-1252-b869-8a02-d81db82f216c" testName="EcoBackend.Tests.Services.EmailServiceTests.DeletePasswordResetTokenAsync_ShouldRemoveToken" computerName="LAPTOP-NSFAM8KS" duration="00:00:00.0087470" startTime="2026-04-27T13:33:55.1781473+05:30" endTime="2026-04-27T13:33:55.1781473+05:30" testType="13cdc9d9-ddb5-4fa4-a97d-d965ccfc6d4b" outcome="Passed" testListId="8c84fa94-04c1-424b-9868-57a2d4851a1d" relativeResultsDirectory="23112dcd-8db4-4f52-86dd-96fded33adbe" />
    <UnitTestResult executionId="c4fbef90-8b2b-40b8-9818-9bd67ddd7081" testId="b38aa467-78f8-230d-7d47-73bcad0f2134" testName="EcoBackend.Tests.Integration.PredictionsEndpointTests.UpdateProfile_Stub_ShouldReturnNotImplemented" computerName="LAPTOP-NSFAM8KS" duration="00:00:00.0656755" startTime="2026-04-27T13:33:46.2243719+05:30" endTime="2026-04-27T13:33:46.2243723+05:30" testType="13cdc9d9-ddb5-4fa4-a97d-d965ccfc6d4b" outcome="Passed" testListId="8c84fa94-04c1-424b-9868-57a2d4851a1d" relativeResultsDirectory="c4fbef90-8b2b-40b8-9818-9bd67ddd7081" />
    <UnitTestResult executionId="644bc3a4-d34d-4f92-9733-dd00e83ec78c" testId="51830b81-acc1-88c1-b2b6-8249f815e551" testName="EcoBackend.Tests.Integration.PredictionsEndpointTests.GetPredictionDashboard_ShouldReturnNotImplemented" computerName="LAPTOP-NSFAM8KS" duration="00:00:00.0784305" startTime="2026-04-27T13:33:46.7186994+05:30" endTime="2026-04-27T13:33:46.7186995+05:30" testType="13cdc9d9-ddb5-4fa4-a97d-d965ccfc6d4b" outcome="Passed" testListId="8c84fa94-04c1-424b-9868-57a2d4851a1d" relativeResultsDirectory="644bc3a4-d34d-4f92-9733-dd00e83ec78c" />
    <UnitTestResult executionId="cd241c66-f766-447f-b0c4-0446ac7bddd8" testId="5679401d-bfbd-fde0-d3b1-0b03b703a3c4" testName="EcoBackend.Tests.Integration.PredictionsEndpointTests.CreateOrUpdateProfile_ShouldSucceed" computerName="LAPTOP-NSFAM8KS" duration="00:00:00.0027187" startTime="2026-04-27T13:33:47.4371778+05:30" endTime="2026-04-27T13:33:47.4371779+05:30" testType="13cdc9d9-ddb5-4fa4-a97d-d965ccfc6d4b" outcome="Passed" testListId="8c84fa94-04c1-424b-9868-57a2d4851a1d" relativeResultsDirectory="cd241c66-f766-447f-b0c4-0446ac7bddd8" />
    <UnitTestResult executionId="051be361-1908-4234-9366-2a9c9d7e5a16" testId="f3f91524-9db2-088a-511e-2bd25089ce4d" testName="EcoBackend.Tests.Services.EmailServiceTests.SendEmailVerificationAsync_ShouldCreateVerificationToken" computerName="LAPTOP-NSFAM8KS" duration="00:00:00.0145520" startTime="2026-04-27T13:33:55.0600373+05:30" endTime="2026-04-27T13:33:55.0600375+05:30" testType="13cdc9d9-ddb5-4fa4-a97d-d965ccfc6d4b" outcome="Passed" testListId="8c84fa94-04c1-424b-9868-57a2d4851a1d" relativeResultsDirectory="051be361-1908-4234-9366-2a9c9d7e5a16" />
    <UnitTestResult executionId="fb149386-cdf2-428a-ad49-bf43cab326ca" testId="3a8e0325-22dc-f34f-9465-00d51fbb7856" testName="EcoBackend.Tests.Integration.UsersEndpointTests.RefreshToken_ShouldReturnNewTokens" computerName="LAPTOP-NSFAM8KS" duration="00:00:00.1374042" startTime="2026-04-27T13:33:54.2633379+05:30" endTime="2026-04-27T13:33:54.2633381+05:30" testType="13cdc9d9-ddb5-4fa4-a97d-d965ccfc6d4b" outcome="Passed" testListId="8c84fa94-04c1-424b-9868-57a2d4851a1d" relativeResultsDirectory="fb149386-cdf2-428a-ad49-bf43cab326ca" />
    <UnitTestResult executionId="7f9397aa-8a61-4ee7-9f12-bee0def44449" testId="b8a7ae63-90e7-5b90-90c9-5d6df6546570" testName="EcoBackend.Tests.Integration.UsersEndpointTests.GetLeaderboard_ShouldReturnRankedUsers" computerName="LAPTOP-NSFAM8KS" duration="00:00:00.1521955" startTime="2026-04-27T13:33:52.5272199+05:30" endTime="2026-04-27T13:33:52.5272201+05:30" testType="13cdc9d9-ddb5-4fa4-a97d-d965ccfc6d4b" outcome="Passed" testListId="8c84fa94-04c1-424b-9868-57a2d4851a1d" relativeResultsDirectory="7f9397aa-8a61-4ee7-9f12-bee0def44449" />
    <UnitTestResult executionId="1bbee7cd-af82-420f-b5ba-ab0147161f73" testId="c3b3e9c3-d61e-a062-0262-e74901249847" testName="EcoBackend.Tests.Integration.TravelEndpointTests.GetTrips_ShouldReturnEmptyList" computerName="LAPTOP-NSFAM8KS" duration="00:00:00.0188385" startTime="2026-04-27T13:33:51.1173033+05:30" endTime="2026-04-27T13:33:51.1173037+05:30" testType="13cdc9d9-ddb5-4fa4-a97d-d965ccfc6d4b" outcome="Passed" testListId="8c84fa94-04c1-424b-9868-57a2d4851a1d" relativeResultsDirectory="1bbee7cd-af82-420f-b5ba-ab0147161f73" />
    <UnitTestResult executionId="9970a618-c3ae-4c96-935b-b9c42918cfd3" testId="4e460a56-040a-a914-06f2-9597e6797b43" testName="EcoBackend.Tests.Integration.TravelEndpointTests.CreateAndGetTrip_ShouldWork" computerName="LAPTOP-NSFAM8KS" duration="00:00:00.0085246" startTime="2026-04-27T13:33:51.2861543+05:30" endTime="2026-04-27T13:33:51.2861547+05:30" testType="13cdc9d9-ddb5-4fa4-a97d-d965ccfc6d4b" outcome="Passed" testListId="8c84fa94-04c1-424b-9868-57a2d4851a1d" relativeResultsDirectory="9970a618-c3ae-4c96-935b-b9c42918cfd3" />
    <UnitTestResult executionId="c089622b-4e93-45a7-a48a-5d6a8f5d2b82" testId="31e2a9a0-06bb-e1c8-57ca-4b41b4ee4d86" testName="EcoBackend.Tests.Integration.UsersEndpointTests.Logout_ShouldSucceed" computerName="LAPTOP-NSFAM8KS" duration="00:00:00.1263718" startTime="2026-04-27T13:33:54.7571591+05:30" endTime="2026-04-27T13:33:54.7571593+05:30" testType="13cdc9d9-ddb5-4fa4-a97d-d965ccfc6d4b" outcome="Passed" testListId="8c84fa94-04c1-424b-9868-57a2d4851a1d" relativeResultsDirectory="c089622b-4e93-45a7-a48a-5d6a8f5d2b82" />
    <UnitTestResult executionId="d63ba749-837a-4b6e-a8e9-dac90d794e48" testId="913e107d-4d64-297f-66a3-92004546dd9e" testName="EcoBackend.Tests.Integration.AnalyticsEndpointTests.GetStats_WeekPeriod_ShouldWork" computerName="LAPTOP-NSFAM8KS" duration="00:00:00.0041824" startTime="2026-04-27T13:33:44.7007166+05:30" endTime="2026-04-27T13:33:44.7007170+05:30" testType="13cdc9d9-ddb5-4fa4-a97d-d965ccfc6d4b" outcome="Passed" testListId="8c84fa94-04c1-424b-9868-57a2d4851a1d" relativeResultsDirectory="d63ba749-837a-4b6e-a8e9-dac90d794e48" />
    <UnitTestResult executionId="9c675c64-4e4a-4d3f-a3bc-c3514659af7f" testId="262c236e-4dd7-c53b-4c5c-ab2f17e08fba" testName="EcoBackend.Tests.Integration.ActivitiesEndpointTests.GetActivities_ShouldReturnEmptyList_WhenNoActivities" computerName="LAPTOP-NSFAM8KS" duration="00:00:00.1416084" startTime="2026-04-27T13:33:39.0507710+05:30" endTime="2026-04-27T13:33:39.0507715+05:30" testType="13cdc9d9-ddb5-4fa4-a97d-d965ccfc6d4b" outcome="Passed" testListId="8c84fa94-04c1-424b-9868-57a2d4851a1d" relativeResultsDirectory="9c675c64-4e4a-4d3f-a3bc-c3514659af7f" />
    <UnitTestResult executionId="bfdb5bcf-c95e-4dd3-b71a-714fdeb88430" testId="f3920b6a-49eb-c998-09a4-cb1dacfc0957" testName="EcoBackend.Tests.Integration.UsersEndpointTests.GetNotifications_ShouldReturnList" computerName="LAPTOP-NSFAM8KS" duration="00:00:00.1869285" startTime="2026-04-27T13:33:52.1361462+05:30" endTime="2026-04-27T13:33:52.1361465+05:30" testType="13cdc9d9-ddb5-4fa4-a97d-d965ccfc6d4b" outcome="Passed" testListId="8c84fa94-04c1-424b-9868-57a2d4851a1d" relativeResultsDirectory="bfdb5bcf-c95e-4dd3-b71a-714fdeb88430" />
    <UnitTestResult executionId="6bfa88ee-d0dd-4bc2-abf2-71215d762162" testId="f786dab5-98f6-3e8f-a9d2-b5e78f47984e" testName="EcoBackend.Tests.Integration.ActivitiesEndpointTests.GetActivityTypes_ShouldReturnList" computerName="LAPTOP-NSFAM8KS" duration="00:00:00.0314828" startTime="2026-04-27T13:33:39.2940233+05:30" endTime="2026-04-27T13:33:39.2940236+05:30" testType="13cdc9d9-ddb5-4fa4-a97d-d965ccfc6d4b" outcome="Passed" testListId="8c84fa94-04c1-424b-9868-57a2d4851a1d" relativeResultsDirectory="6bfa88ee-d0dd-4bc2-abf2-71215d762162" />
    <UnitTestResult executionId="23a9a62e-6878-41ea-88fc-90c85033527a" testId="5e04c92a-f1fb-c515-9ded-ddf3f412066c" testName="EcoBackend.Tests.Integration.AnalyticsEndpointTests.GetStats_DefaultPeriod_ShouldReturnData" computerName="LAPTOP-NSFAM8KS" duration="00:00:00.0041739" startTime="2026-04-27T13:33:43.8587080+05:30" endTime="2026-04-27T13:33:43.8587082+05:30" testType="13cdc9d9-ddb5-4fa4-a97d-d965ccfc6d4b" outcome="Passed" testListId="8c84fa94-04c1-424b-9868-57a2d4851a1d" relativeResultsDirectory="23a9a62e-6878-41ea-88fc-90c85033527a" />
    <UnitTestResult executionId="98de64cf-a36d-40d9-ae03-6c205aba26ef" testId="c4c564bf-6915-cb29-2edc-8d0a36b56fac" testName="EcoBackend.Tests.Integration.UsersEndpointTests.UpdateProfile_ShouldModifyUserData" computerName="LAPTOP-NSFAM8KS" duration="00:00:00.1232137" startTime="2026-04-27T13:33:53.9647037+05:30" endTime="2026-04-27T13:33:53.9647038+05:30" testType="13cdc9d9-ddb5-4fa4-a97d-d965ccfc6d4b" outcome="Passed" testListId="8c84fa94-04c1-424b-9868-57a2d4851a1d" relativeResultsDirectory="98de64cf-a36d-40d9-ae03-6c205aba26ef" />
    <UnitTestResult executionId="0cb3285c-50e3-48fa-980f-02020210a668" testId="2fcb5f6d-261c-2541-6af6-75774b6dbc47" testName="EcoBackend.Tests.Integration.AnalyticsEndpointTests.GetStats_YearPeriod_ShouldWork" computerName="LAPTOP-NSFAM8KS" duration="00:00:00.0045711" startTime="2026-04-27T13:33:45.0253621+05:30" endTime="2026-04-27T13:33:45.0253624+05:30" testType="13cdc9d9-ddb5-4fa4-a97d-d965ccfc6d4b" outcome="Passed" testListId="8c84fa94-04c1-424b-9868-57a2d4851a1d" relativeResultsDirectory="0cb3285c-50e3-48fa-980f-02020210a668" />
    <UnitTestResult executionId="b9fac265-9960-4cd5-bdea-3dd1ed784e26" testId="6753409e-3e6d-2614-4d50-15caf04e3e9d" testName="EcoBackend.Tests.Integration.TravelEndpointTests.CreateTrip_ShouldReturn401_WhenNotAuthenticated" computerName="LAPTOP-NSFAM8KS" duration="00:00:00.0069029" startTime="2026-04-27T13:33:51.5591758+05:30" endTime="2026-04-27T13:33:51.5591761+05:30" testType="13cdc9d9-ddb5-4fa4-a97d-d965ccfc6d4b" outcome="Passed" testListId="8c84fa94-04c1-424b-9868-57a2d4851a1d" relativeResultsDirectory="b9fac265-9960-4cd5-bdea-3dd1ed784e26" />
    <UnitTestResult executionId="a5851eb4-a5e3-4520-ac66-10aa72d9f244" testId="c1984356-ca5b-3a9c-56aa-6bf1398e9a2a" testName="EcoBackend.Tests.Integration.PredictionsEndpointTests.PredictDaily_ShouldReturnNotImplemented" computerName="LAPTOP-NSFAM8KS" duration="00:00:00.2675600" startTime="2026-04-27T13:33:45.8125819+05:30" endTime="2026-04-27T13:33:45.8125823+05:30" testType="13cdc9d9-ddb5-4fa4-a97d-d965ccfc6d4b" outcome="Passed" testListId="8c84fa94-04c1-424b-9868-57a2d4851a1d" relativeResultsDirectory="a5851eb4-a5e3-4520-ac66-10aa72d9f244" />
    <UnitTestResult executionId="92ce437b-7b54-424a-864b-745f94add156" testId="1ba7a400-9e80-38ca-a081-d777882be678" testName="EcoBackend.Tests.Integration.UsersEndpointTests.Register_ShouldFail_WithWeakPassword" computerName="LAPTOP-NSFAM8KS" duration="00:00:00.0038327" startTime="2026-04-27T13:33:51.9484863+05:30" endTime="2026-04-27T13:33:51.9484867+05:30" testType="13cdc9d9-ddb5-4fa4-a97d-d965ccfc6d4b" outcome="Passed" testListId="8c84fa94-04c1-424b-9868-57a2d4851a1d" relativeResultsDirectory="92ce437b-7b54-424a-864b-745f94add156" />
    <UnitTestResult executionId="36cf12ef-211f-4ab2-a7f5-63b2c9fe4fda" testId="f6c0c58a-e920-917e-5372-16630a35c753" testName="EcoBackend.Tests.Integration.NotificationsEndpointTests.MarkAsRead_ShouldReturn404_ForNonexistentNotification" computerName="LAPTOP-NSFAM8KS" duration="00:00:00.0010000" startTime="2026-04-27T13:33:45.1719382+05:30" endTime="2026-04-27T13:33:45.1719384+05:30" testType="13cdc9d9-ddb5-4fa4-a97d-d965ccfc6d4b" outcome="NotExecuted" testListId="8c84fa94-04c1-424b-9868-57a2d4851a1d" relativeResultsDirectory="36cf12ef-211f-4ab2-a7f5-63b2c9fe4fda">
      <Output>
        <ErrorInfo>
          <Message>NotificationsController has been removed; notification dispatch migrated into NotificationService</Message>
        </ErrorInfo>
      </Output>
    </UnitTestResult>
    <UnitTestResult executionId="50f39ba1-f5f9-43ec-943c-7b013f0f502b" testId="0c59a68d-a06a-3e37-cee2-8d1d65172796" testName="EcoBackend.Tests.Integration.UsersEndpointTests.GetProfile_ShouldReturn401_WhenNotAuthenticated" computerName="LAPTOP-NSFAM8KS" duration="00:00:00.0023325" startTime="2026-04-27T13:33:52.7961823+05:30" endTime="2026-04-27T13:33:52.7961826+05:30" testType="13cdc9d9-ddb5-4fa4-a97d-d965ccfc6d4b" outcome="Passed" testListId="8c84fa94-04c1-424b-9868-57a2d4851a1d" relativeResultsDirectory="50f39ba1-f5f9-43ec-943c-7b013f0f502b" />
    <UnitTestResult executionId="a6bd1b4f-2848-4f68-a545-0686f3108681" testId="40939938-a6ef-83ea-6af2-4ba6646ee392" testName="EcoBackend.Tests.Integration.TravelEndpointTests.GetWeeklySummary_ShouldReturnList" computerName="LAPTOP-NSFAM8KS" duration="00:00:00.0255053" startTime="2026-04-27T13:33:50.9255050+05:30" endTime="2026-04-27T13:33:50.9255056+05:30" testType="13cdc9d9-ddb5-4fa4-a97d-d965ccfc6d4b" outcome="Passed" testListId="8c84fa94-04c1-424b-9868-57a2d4851a1d" relativeResultsDirectory="a6bd1b4f-2848-4f68-a545-0686f3108681" />
    <UnitTestResult executionId="b3c81788-41fe-418b-bc39-b679169b366c" testId="f92a4b60-0296-92d0-5e87-abc60a607206" testName="EcoBackend.Tests.Integration.UsersEndpointTests.GetPrivacySettings_ShouldReturnSettings" computerName="LAPTOP-NSFAM8KS" duration="00:00:00.1166759" startTime="2026-04-27T13:33:53.4786140+05:30" endTime="2026-04-27T13:33:53.4786142+05:30" testType="13cdc9d9-ddb5-4fa4-a97d-d965ccfc6d4b" outcome="Passed" testListId="8c84fa94-04c1-424b-9868-57a2d4851a1d" relativeResultsDirectory="b3c81788-41fe-418b-bc39-b679169b366c" />
    <UnitTestResult executionId="36cef94c-d9cb-43e3-968a-ac13abe92241" testId="51da83ed-8921-9836-ef08-08ea44af1822" testName="EcoBackend.Tests.Integration.UsersEndpointTests.Goals_CRUD_ShouldWork" computerName="LAPTOP-NSFAM8KS" duration="00:00:00.1492473" startTime="2026-04-27T13:33:54.1143506+05:30" endTime="2026-04-27T13:33:54.1143508+05:30" testType="13cdc9d9-ddb5-4fa4-a97d-d965ccfc6d4b" outcome="Passed" testListId="8c84fa94-04c1-424b-9868-57a2d4851a1d" relativeResultsDirectory="36cef94c-d9cb-43e3-968a-ac13abe92241" />
    <UnitTestResult executionId="f7be7a92-56a6-4de7-b131-a098450c2aab" testId="e731160b-269b-76d7-f8db-e7e61a8f22b8" testName="EcoBackend.Tests.Integration.ActivitiesEndpointTests.GetActivities_ShouldReturn401_WhenNotAuthenticated" computerName="LAPTOP-NSFAM8KS" duration="00:00:00.0031093" startTime="2026-04-27T13:33:41.6797765+05:30" endTime="2026-04-27T13:33:41.6797770+05:30" testType="13cdc9d9-ddb5-4fa4-a97d-d965ccfc6d4b" outcome="Passed" testListId="8c84fa94-04c1-424b-9868-57a2d4851a1d" relativeResultsDirectory="f7be7a92-56a6-4de7-b131-a098450c2aab" />
    <UnitTestResult executionId="80510a99-bd09-4f32-af04-3a03e290000c" testId="ef57d2ba-f3d6-3e0f-da93-66a1b83ac7a3" testName="EcoBackend.Tests.Integration.AchievementsEndpointTests.GetMyBadges_ShouldReturnEmptyList_WhenNoBadgesEarned" computerName="LAPTOP-NSFAM8KS" duration="00:00:00.0327857" startTime="2026-04-27T13:33:36.7808133+05:30" endTime="2026-04-27T13:33:36.7808140+05:30" testType="13cdc9d9-ddb5-4fa4-a97d-d965ccfc6d4b" outcome="Passed" testListId="8c84fa94-04c1-424b-9868-57a2d4851a1d" relativeResultsDirectory="80510a99-bd09-4f32-af04-3a03e290000c" />
    <UnitTestResult executionId="9f816ed6-9345-474c-b770-1d8f81b47fc1" testId="0cd1c1a5-804b-3c9c-cabe-0f8e6dc34e23" testName="EcoBackend.Tests.Integration.AchievementsEndpointTests.GetMyChallengeById_ShouldReturn404_ForNonexistent" computerName="LAPTOP-NSFAM8KS" duration="00:00:00.0117254" startTime="2026-04-27T13:33:35.2337358+05:30" endTime="2026-04-27T13:33:35.2337360+05:30" testType="13cdc9d9-ddb5-4fa4-a97d-d965ccfc6d4b" outcome="Passed" testListId="8c84fa94-04c1-424b-9868-57a2d4851a1d" relativeResultsDirectory="9f816ed6-9345-474c-b770-1d8f81b47fc1" />
    <UnitTestResult executionId="5b46fe30-ea33-4cda-87e7-9b117486158c" testId="45e9a5a9-641c-95a0-fb6d-dadaa9d557b3" testName="EcoBackend.Tests.Integration.ActivitiesEndpointTests.GetLogToday_ShouldReturnSameAsTodayActivities" computerName="LAPTOP-NSFAM8KS" duration="00:00:00.0010000" startTime="2026-04-27T13:33:41.4850189+05:30" endTime="2026-04-27T13:33:41.4850195+05:30" testType="13cdc9d9-ddb5-4fa4-a97d-d965ccfc6d4b" outcome="NotExecuted" testListId="8c84fa94-04c1-424b-9868-57a2d4851a1d" relativeResultsDirectory="5b46fe30-ea33-4cda-87e7-9b117486158c">
      <Output>
        <ErrorInfo>
          <Message>Legacy /log/* alternative routes removed from ActivitiesController</Message>
        </ErrorInfo>
      </Output>
    </UnitTestResult>
    <UnitTestResult executionId="71b83ec7-eac5-4275-8e77-5d38c77cb60d" testId="04c76fe7-e2e7-9db9-0e14-266fb75521b5" testName="EcoBackend.Tests.Integration.UsersEndpointTests.ExportData_ShouldReturnUserData" computerName="LAPTOP-NSFAM8KS" duration="00:00:00.1672731" startTime="2026-04-27T13:33:53.0832989+05:30" endTime="2026-04-27T13:33:53.0832990+05:30" testType="13cdc9d9-ddb5-4fa4-a97d-d965ccfc6d4b" outcome="Passed" testListId="8c84fa94-04c1-424b-9868-57a2d4851a1d" relativeResultsDirectory="71b83ec7-eac5-4275-8e77-5d38c77cb60d" />
    <UnitTestResult executionId="69b327cd-f758-4903-9fb2-51f04abbf9ad" testId="104aba20-7433-9a36-aedb-62212d546266" testName="EcoBackend.Tests.Integration.ActivitiesEndpointTests.GetActivityById_ShouldReturn404_ForNonexistent" computerName="LAPTOP-NSFAM8KS" duration="00:00:00.0450813" startTime="2026-04-27T13:33:40.8896105+05:30" endTime="2026-04-27T13:33:40.8896108+05:30" testType="13cdc9d9-ddb5-4fa4-a97d-d965ccfc6d4b" outcome="Passed" testListId="8c84fa94-04c1-424b-9868-57a2d4851a1d" relativeResultsDirectory="69b327cd-f758-4903-9fb2-51f04abbf9ad" />
    <UnitTestResult executionId="9d3b4a5e-3f30-42fe-b14f-932edf7e11a7" testId="c761b707-8077-2b0a-8246-5fe5c094cae4" testName="EcoBackend.Tests.Integration.AchievementsEndpointTests.GetMyBadgeById_ShouldReturn404_ForNonexistent" computerName="LAPTOP-NSFAM8KS" duration="00:00:00.0292230" startTime="2026-04-27T13:33:35.5298475+05:30" endTime="2026-04-27T13:33:35.5298478+05:30" testType="13cdc9d9-ddb5-4fa4-a97d-d965ccfc6d4b" outcome="Passed" testListId="8c84fa94-04c1-424b-9868-57a2d4851a1d" relativeResultsDirectory="9d3b4a5e-3f30-42fe-b14f-932edf7e11a7" />
    <UnitTestResult executionId="4a3a90dc-0208-470b-bdf1-07d824d34b03" testId="ff451dd8-9455-b14e-b406-d39d56be6202" testName="EcoBackend.Tests.Integration.AchievementsEndpointTests.GetBadges_ShouldReturnList" computerName="LAPTOP-NSFAM8KS" duration="00:00:00.0309598" startTime="2026-04-27T13:33:37.8125634+05:30" endTime="2026-04-27T13:33:37.8125642+05:30" testType="13cdc9d9-ddb5-4fa4-a97d-d965ccfc6d4b" outcome="Passed" testListId="8c84fa94-04c1-424b-9868-57a2d4851a1d" relativeResultsDirectory="4a3a90dc-0208-470b-bdf1-07d824d34b03" />
    <UnitTestResult executionId="fd17ded7-c4d2-4641-ab2c-f0ec0d5a83df" testId="f771c051-a283-f8eb-b21b-81f73bbe4a6b" testName="EcoBackend.Tests.Integration.TravelEndpointTests.GetTrips_WithFilters_ShouldWork" computerName="LAPTOP-NSFAM8KS" duration="00:00:00.0205312" startTime="2026-04-27T13:33:48.4996775+05:30" endTime="2026-04-27T13:33:48.4996776+05:30" testType="13cdc9d9-ddb5-4fa4-a97d-d965ccfc6d4b" outcome="Passed" testListId="8c84fa94-04c1-424b-9868-57a2d4851a1d" relativeResultsDirectory="fd17ded7-c4d2-4641-ab2c-f0ec0d5a83df" />
    <UnitTestResult executionId="6a5065e8-173c-40d2-bf58-7255c9815c49" testId="116792bc-ceea-a321-fac6-3613cfa7922f" testName="EcoBackend.Tests.Services.EmailServiceTests.SendPasswordResetEmailAsync_ShouldCreateToken_WhenTokenDoesNotExist" computerName="LAPTOP-NSFAM8KS" duration="00:00:00.0068430" startTime="2026-04-27T13:33:55.0757133+05:30" endTime="2026-04-27T13:33:55.0757135+05:30" testType="13cdc9d9-ddb5-4fa4-a97d-d965ccfc6d4b" outcome="Passed" testListId="8c84fa94-04c1-424b-9868-57a2d4851a1d" relativeResultsDirectory="6a5065e8-173c-40d2-bf58-7255c9815c49" />
    <UnitTestResult executionId="09272e39-ac9e-46ba-b39e-4d81451a1e1e" testId="ae89517f-a048-e1ed-03df-61a06773d211" testName="EcoBackend.Tests.Services.NotificationServiceTests.RegisterDeviceTokenAsync_ShouldCreateDeviceToken" computerName="LAPTOP-NSFAM8KS" duration="00:00:00.0259573" startTime="2026-04-27T13:33:55.2593027+05:30" endTime="2026-04-27T13:33:55.2593028+05:30" testType="13cdc9d9-ddb5-4fa4-a97d-d965ccfc6d4b" outcome="Passed" testListId="8c84fa94-04c1-424b-9868-57a2d4851a1d" relativeResultsDirectory="09272e39-ac9e-46ba-b39e-4d81451a1e1e" />
    <UnitTestResult executionId="fbe547ab-5a8e-4f54-9e97-0a67d68f820c" testId="d554d314-2681-6eb0-a413-116296bc351a" testName="EcoBackend.Tests.Integration.ActivitiesEndpointTests.GetTipById_ShouldReturn404_ForNonexistent" computerName="LAPTOP-NSFAM8KS" duration="00:00:00.0386782" startTime="2026-04-27T13:33:39.5424276+05:30" endTime="2026-04-27T13:33:39.5424281+05:30" testType="13cdc9d9-ddb5-4fa4-a97d-d965ccfc6d4b" outcome="Passed" testListId="8c84fa94-04c1-424b-9868-57a2d4851a1d" relativeResultsDirectory="fbe547ab-5a8e-4f54-9e97-0a67d68f820c" />
    <UnitTestResult executionId="690fa8d4-d56f-4bbe-8187-bacd37ff08f3" testId="974abfb9-4875-29db-e3e7-6804dd482f42" testName="EcoBackend.Tests.Services.NotificationServiceTests.SendStreakNotificationAsync_ShouldCreateStreakNotification" computerName="LAPTOP-NSFAM8KS" duration="00:00:00.0075900" startTime="2026-04-27T13:33:55.3159181+05:30" endTime="2026-04-27T13:33:55.3159185+05:30" testType="13cdc9d9-ddb5-4fa4-a97d-d965ccfc6d4b" outcome="Passed" testListId="8c84fa94-04c1-424b-9868-57a2d4851a1d" relativeResultsDirectory="690fa8d4-d56f-4bbe-8187-bacd37ff08f3" />
    <UnitTestResult executionId="17762f6b-d1b3-46f3-9ac2-6823680d5bce" testId="22d7e14f-baff-43d8-852d-084a62808371" testName="EcoBackend.Tests.Integration.ActivitiesEndpointTests.GetActivityTypeById_ShouldReturn404_ForNonexistent" computerName="LAPTOP-NSFAM8KS" duration="00:00:00.0381604" startTime="2026-04-27T13:33:41.4799781+05:30" endTime="2026-04-27T13:33:41.4799786+05:30" testType="13cdc9d9-ddb5-4fa4-a97d-d965ccfc6d4b" outcome="Passed" testListId="8c84fa94-04c1-424b-9868-57a2d4851a1d" relativeResultsDirectory="17762f6b-d1b3-46f3-9ac2-6823680d5bce" />
    <UnitTestResult executionId="6eb9cf8f-0b68-464e-9f87-526ea116858c" testId="4dfc0517-a10c-e286-18c7-7b7ebb2ccf31" testName="EcoBackend.Tests.Integration.UsersEndpointTests.GetNotificationSettings_ShouldReturnSettings" computerName="LAPTOP-NSFAM8KS" duration="00:00:00.1188555" startTime="2026-04-27T13:33:52.9154825+05:30" endTime="2026-04-27T13:33:52.9154826+05:30" testType="13cdc9d9-ddb5-4fa4-a97d-d965ccfc6d4b" outcome="Passed" testListId="8c84fa94-04c1-424b-9868-57a2d4851a1d" relativeResultsDirectory="6eb9cf8f-0b68-464e-9f87-526ea116858c" />
    <UnitTestResult executionId="abd75d35-66d2-45b8-bef8-7a774d4ce86d" testId="4204347e-541b-db26-58a7-a38dbf7625af" testName="EcoBackend.Tests.Integration.AchievementsEndpointTests.UpdateMyChallenge_ShouldReturn404_ForNonexistent" computerName="LAPTOP-NSFAM8KS" duration="00:00:00.0837118" startTime="2026-04-27T13:33:34.9530819+05:30" endTime="2026-04-27T13:33:34.9530820+05:30" testType="13cdc9d9-ddb5-4fa4-a97d-d965ccfc6d4b" outcome="Passed" testListId="8c84fa94-04c1-424b-9868-57a2d4851a1d" relativeResultsDirectory="abd75d35-66d2-45b8-bef8-7a774d4ce86d" />
    <UnitTestResult executionId="fab5dfa1-d112-48fe-ba67-8030359284df" testId="839219b6-882a-4a5a-0731-8b3c55340a37" testName="EcoBackend.Tests.Integration.PredictionsEndpointTests.GetDailyLogs_WithDateFilters_ShouldWork" computerName="LAPTOP-NSFAM8KS" duration="00:00:00.0112831" startTime="2026-04-27T13:33:48.1270386+05:30" endTime="2026-04-27T13:33:48.1270387+05:30" testType="13cdc9d9-ddb5-4fa4-a97d-d965ccfc6d4b" outcome="Passed" testListId="8c84fa94-04c1-424b-9868-57a2d4851a1d" relativeResultsDirectory="fab5dfa1-d112-48fe-ba67-8030359284df" />
    <UnitTestResult executionId="fe08c61f-4a69-435c-bdca-eaa283b8dde1" testId="17d781ba-ca46-234b-ab6b-6d8d0b6117bd" testName="EcoBackend.Tests.Integration.UsersEndpointTests.CheckUsername_ShouldReturnAvailability" computerName="LAPTOP-NSFAM8KS" duration="00:00:00.0106921" startTime="2026-04-27T13:33:54.1254788+05:30" endTime="2026-04-27T13:33:54.1254789+05:30" testType="13cdc9d9-ddb5-4fa4-a97d-d965ccfc6d4b" outcome="Passed" testListId="8c84fa94-04c1-424b-9868-57a2d4851a1d" relativeResultsDirectory="fe08c61f-4a69-435c-bdca-eaa283b8dde1" />
    <UnitTestResult executionId="2e882e16-df6c-4878-b6e2-79025f4d7be8" testId="f522a2ca-52cd-56ce-70d2-d42b01ee0868" testName="EcoBackend.Tests.Integration.PredictionsEndpointTests.GetModelInfo_ShouldReturnModelDetails" computerName="LAPTOP-NSFAM8KS" duration="00:00:00.0080273" startTime="2026-04-27T13:33:47.3189268+05:30" endTime="2026-04-27T13:33:47.3189269+05:30" testType="13cdc9d9-ddb5-4fa4-a97d-d965ccfc6d4b" outcome="Passed" testListId="8c84fa94-04c1-424b-9868-57a2d4851a1d" relativeResultsDirectory="2e882e16-df6c-4878-b6e2-79025f4d7be8" />
    <UnitTestResult executionId="252a0867-f0c9-47be-ab75-85571a309e94" testId="72b35d57-4b6d-df58-1409-e526ba6101a0" testName="EcoBackend.Tests.Services.EmailServiceTests.SendWelcomeEmailAsync_ShouldReturnTrue" computerName="LAPTOP-NSFAM8KS" duration="00:00:00.0011055" startTime="2026-04-27T13:33:55.0683974+05:30" endTime="2026-04-27T13:33:55.0683975+05:30" testType="13cdc9d9-ddb5-4fa4-a97d-d965ccfc6d4b" outcome="Passed" testListId="8c84fa94-04c1-424b-9868-57a2d4851a1d" relativeResultsDirectory="252a0867-f0c9-47be-ab75-85571a309e94" />
    <UnitTestResult executionId="13bd730a-547a-4fdd-8cee-f289ac3f9fc0" testId="e4c44116-cf60-d428-8020-d0e3280330d4" testName="EcoBackend.Tests.Integration.AnalyticsEndpointTests.GetStats_MonthPeriod_ShouldWork" computerName="LAPTOP-NSFAM8KS" duration="00:00:00.0335347" startTime="2026-04-27T13:33:43.2884225+05:30" endTime="2026-04-27T13:33:43.2884226+05:30" testType="13cdc9d9-ddb5-4fa4-a97d-d965ccfc6d4b" outcome="Passed" testListId="8c84fa94-04c1-424b-9868-57a2d4851a1d" relativeResultsDirectory="13bd730a-547a-4fdd-8cee-f289ac3f9fc0" />
    <UnitTestResult executionId="768b86c3-4630-43ce-a7c2-e6dffd7bec51" testId="8b1c59ee-7ed3-b1c6-4e26-3c2a71648de9" testName="EcoBackend.Tests.Integration.AnalyticsEndpointTests.ExportCsv_ShouldReturnCsvFile" computerName="LAPTOP-NSFAM8KS" duration="00:00:00.0062082" startTime="2026-04-27T13:33:42.9874288+05:30" endTime="2026-04-27T13:33:42.9874291+05:30" testType="13cdc9d9-ddb5-4fa4-a97d-d965ccfc6d4b" outcome="Passed" testListId="8c84fa94-04c1-424b-9868-57a2d4851a1d" relativeResultsDirectory="768b86c3-4630-43ce-a7c2-e6dffd7bec51" />
    <UnitTestResult executionId="04933cf3-a2e9-44ba-a2d9-bb45510ba084" testId="b0a7882a-509c-8174-668f-8f0f784de721" testName="EcoBackend.Tests.Integration.TravelEndpointTests.GetLocationPoints_ShouldReturnList" computerName="LAPTOP-NSFAM8KS" duration="00:00:00.0144425" startTime="2026-04-27T13:33:49.1670157+05:30" endTime="2026-04-27T13:33:49.1670157+05:30" testType="13cdc9d9-ddb5-4fa4-a97d-d965ccfc6d4b" outcome="Passed" testListId="8c84fa94-04c1-424b-9868-57a2d4851a1d" relativeResultsDirectory="04933cf3-a2e9-44ba-a2d9-bb45510ba084" />
    <UnitTestResult executionId="79707376-1d02-4487-b9de-d720508481ac" testId="3c9e93fd-bccb-5cde-4167-a81902d55f6e" testName="EcoBackend.Tests.Integration.AchievementsEndpointTests.GetBadgeById_ShouldReturn404_ForNonexistent" computerName="LAPTOP-NSFAM8KS" duration="00:00:00.0160865" startTime="2026-04-27T13:33:35.6605634+05:30" endTime="2026-04-27T13:33:35.6605639+05:30" testType="13cdc9d9-ddb5-4fa4-a97d-d965ccfc6d4b" outcome="Passed" testListId="8c84fa94-04c1-424b-9868-57a2d4851a1d" relativeResultsDirectory="79707376-1d02-4487-b9de-d720508481ac" />
    <UnitTestResult executionId="509e4909-759e-47f1-b4e2-214de707e42a" testId="295d86d2-adf3-4de7-8214-2931297f82e4" testName="EcoBackend.Tests.Integration.TravelEndpointTests.UpdateTrip_ShouldReturn404_ForNonexistent" computerName="LAPTOP-NSFAM8KS" duration="00:00:00.0187757" startTime="2026-04-27T13:33:51.9429165+05:30" endTime="2026-04-27T13:33:51.9429169+05:30" testType="13cdc9d9-ddb5-4fa4-a97d-d965ccfc6d4b" outcome="Passed" testListId="8c84fa94-04c1-424b-9868-57a2d4851a1d" relativeResultsDirectory="509e4909-759e-47f1-b4e2-214de707e42a" />
    <UnitTestResult executionId="1ff228cc-a3ce-4bdf-9744-4553646ef5ea" testId="b6678aae-583c-5413-9d70-63b11525bf97" testName="EcoBackend.Tests.Integration.AchievementsEndpointTests.GetMyChallenges_ShouldReturnList" computerName="LAPTOP-NSFAM8KS" duration="00:00:00.0575409" startTime="2026-04-27T13:33:37.0367048+05:30" endTime="2026-04-27T13:33:37.0367054+05:30" testType="13cdc9d9-ddb5-4fa4-a97d-d965ccfc6d4b" outcome="Passed" testListId="8c84fa94-04c1-424b-9868-57a2d4851a1d" relativeResultsDirectory="1ff228cc-a3ce-4bdf-9744-4553646ef5ea" />
    <UnitTestResult executionId="c1e2ab2a-70c9-4d80-a69d-36ad8420fb8a" testId="dec7e5f0-ae90-7a9e-0e73-5ea49d83e721" testName="EcoBackend.Tests.Integration.NotificationsEndpointTests.GetNotifications_WithDefaultPagination_ShouldWork" computerName="LAPTOP-NSFAM8KS" duration="00:00:00.0010000" startTime="2026-04-27T13:33:45.1739802+05:30" endTime="2026-04-27T13:33:45.1739804+05:30" testType="13cdc9d9-ddb5-4fa4-a97d-d965ccfc6d4b" outcome="NotExecuted" testListId="8c84fa94-04c1-424b-9868-57a2d4851a1d" relativeResultsDirectory="c1e2ab2a-70c9-4d80-a69d-36ad8420fb8a">
      <Output>
        <ErrorInfo>
          <Message>NotificationsController has been removed; notification dispatch migrated into NotificationService</Message>
        </ErrorInfo>
      </Output>
    </UnitTestResult>
    <UnitTestResult executionId="6de40169-f945-4c59-a928-d2a4a9e29be3" testId="d28fab50-f0b9-853c-14f9-6c02d007626c" testName="EcoBackend.Tests.Integration.ActivitiesEndpointTests.GetSummary_WithDifferentPeriods_ShouldWork" computerName="LAPTOP-NSFAM8KS" duration="00:00:00.0045371" startTime="2026-04-27T13:33:41.2587796+05:30" endTime="2026-04-27T13:33:41.2587801+05:30" testType="13cdc9d9-ddb5-4fa4-a97d-d965ccfc6d4b" outcome="Passed" testListId="8c84fa94-04c1-424b-9868-57a2d4851a1d" relativeResultsDirectory="6de40169-f945-4c59-a928-d2a4a9e29be3" />
    <UnitTestResult executionId="cdf8c2a2-7b34-43d1-b787-4ae183b93501" testId="fc028a2f-9d04-f365-e63d-e6b6f5351a5a" testName="EcoBackend.Tests.Integration.PredictionsEndpointTests.Predict_ShouldReturnNotImplemented" computerName="LAPTOP-NSFAM8KS" duration="00:00:00.0108979" startTime="2026-04-27T13:33:47.8516014+05:30" endTime="2026-04-27T13:33:47.8516015+05:30" testType="13cdc9d9-ddb5-4fa4-a97d-d965ccfc6d4b" outcome="Passed" testListId="8c84fa94-04c1-424b-9868-57a2d4851a1d" relativeResultsDirectory="cdf8c2a2-7b34-43d1-b787-4ae183b93501" />
    <UnitTestResult executionId="51f1fa14-aad4-4296-9f5d-39b8a94746a5" testId="2fc05215-e1e9-6580-b2a6-c0ff1140ab9b" testName="EcoBackend.Tests.Integration.PredictionsEndpointTests.GetWeeklyPredictions_ShouldReturnNotImplemented" computerName="LAPTOP-NSFAM8KS" duration="00:00:00.0269556" startTime="2026-04-27T13:33:45.3416905+05:30" endTime="2026-04-27T13:33:45.3416908+05:30" testType="13cdc9d9-ddb5-4fa4-a97d-d965ccfc6d4b" outcome="Passed" testListId="8c84fa94-04c1-424b-9868-57a2d4851a1d" relativeResultsDirectory="51f1fa14-aad4-4296-9f5d-39b8a94746a5" />
    <UnitTestResult executionId="b48dd7ec-110d-4431-b3f4-1ad42fbd8696" testId="19719b86-fc07-5759-6930-4443de75b320" testName="EcoBackend.Tests.Integration.AnalyticsEndpointTests.GetComparison_ShouldReturnComparisonData" computerName="LAPTOP-NSFAM8KS" duration="00:00:00.0240307" startTime="2026-04-27T13:33:43.1359661+05:30" endTime="2026-04-27T13:33:43.1359662+05:30" testType="13cdc9d9-ddb5-4fa4-a97d-d965ccfc6d4b" outcome="Passed" testListId="8c84fa94-04c1-424b-9868-57a2d4851a1d" relativeResultsDirectory="b48dd7ec-110d-4431-b3f4-1ad42fbd8696" />
    <UnitTestResult executionId="c09702b4-e1c1-49b6-a50d-24637fe60111" testId="5df041a1-7211-6b4e-bc06-a82a9461fc89" testName="EcoBackend.Tests.Integration.UsersEndpointTests.GetDashboard_ShouldReturnData" computerName="LAPTOP-NSFAM8KS" duration="00:00:00.1595604" startTime="2026-04-27T13:33:53.2434392+05:30" endTime="2026-04-27T13:33:53.2434394+05:30" testType="13cdc9d9-ddb5-4fa4-a97d-d965ccfc6d4b" outcome="Passed" testListId="8c84fa94-04c1-424b-9868-57a2d4851a1d" relativeResultsDirectory="c09702b4-e1c1-49b6-a50d-24637fe60111" />
    <UnitTestResult executionId="508f510f-6e00-4bc3-9c8d-bf6ac5298ca5" testId="26be0d92-b6b0-021e-4dba-05a75a65005b" testName="EcoBackend.Tests.Services.NotificationServiceTests.DeactivateDeviceTokenAsync_ShouldMarkTokenAsInactive" computerName="LAPTOP-NSFAM8KS" duration="00:00:00.0018754" startTime="2026-04-27T13:33:55.2800779+05:30" endTime="2026-04-27T13:33:55.2800779+05:30" testType="13cdc9d9-ddb5-4fa4-a97d-d965ccfc6d4b" outcome="Passed" testListId="8c84fa94-04c1-424b-9868-57a2d4851a1d" relativeResultsDirectory="508f510f-6e00-4bc3-9c8d-bf6ac5298ca5" />
    <UnitTestResult executionId="b2af1f05-727b-4810-9385-ee9a3620173f" testId="36dbd544-02bf-131c-b6fc-1a6b862a7c1f" testName="EcoBackend.Tests.Integration.UsersEndpointTests.Login_ShouldFail_WithNonexistentUser" computerName="LAPTOP-NSFAM8KS" duration="00:00:00.0023548" startTime="2026-04-27T13:33:53.6017438+05:30" endTime="2026-04-27T13:33:53.6017439+05:30" testType="13cdc9d9-ddb5-4fa4-a97d-d965ccfc6d4b" outcome="Passed" testListId="8c84fa94-04c1-424b-9868-57a2d4851a1d" relativeResultsDirectory="b2af1f05-727b-4810-9385-ee9a3620173f" />
    <UnitTestResult executionId="07e31ede-a792-4bd8-92a8-aa18822af796" testId="4a482d7a-f943-ce87-9fa4-c9a8512a7940" testName="EcoBackend.Tests.Integration.PredictionsEndpointTests.PredictWeekly_ShouldReturnNotImplemented" computerName="LAPTOP-NSFAM8KS" duration="00:00:00.0438368" startTime="2026-04-27T13:33:48.0063009+05:30" endTime="2026-04-27T13:33:48.0063010+05:30" testType="13cdc9d9-ddb5-4fa4-a97d-d965ccfc6d4b" outcome="Passed" testListId="8c84fa94-04c1-424b-9868-57a2d4851a1d" relativeResultsDirectory="07e31ede-a792-4bd8-92a8-aa18822af796" />
    <UnitTestResult executionId="c1a87975-2d38-4b68-a281-29cc404a6365" testId="7a7ce500-6283-2470-f8be-222f8932375f" testName="EcoBackend.Tests.Integration.PredictionsEndpointTests.GetProfile_ShouldReturn401_WhenNotAuthenticated" computerName="LAPTOP-NSFAM8KS" duration="00:00:00.0027942" startTime="2026-04-27T13:33:46.5136446+05:30" endTime="2026-04-27T13:33:46.5136447+05:30" testType="13cdc9d9-ddb5-4fa4-a97d-d965ccfc6d4b" outcome="Passed" testListId="8c84fa94-04c1-424b-9868-57a2d4851a1d" relativeResultsDirectory="c1a87975-2d38-4b68-a281-29cc404a6365" />
    <UnitTestResult executionId="29d1ed39-1980-48b3-8ff1-3bc3a6f9e51e" testId="f0ed4a72-852a-b967-6fc6-5c91620f17e2" testName="EcoBackend.Tests.Integration.ActivitiesEndpointTests.GetActivities_WithDateFilters_ShouldWork" computerName="LAPTOP-NSFAM8KS" duration="00:00:00.0475680" startTime="2026-04-27T13:33:39.8057415+05:30" endTime="2026-04-27T13:33:39.8057420+05:30" testType="13cdc9d9-ddb5-4fa4-a97d-d965ccfc6d4b" outcome="Passed" testListId="8c84fa94-04c1-424b-9868-57a2d4851a1d" relativeResultsDirectory="29d1ed39-1980-48b3-8ff1-3bc3a6f9e51e" />
    <UnitTestResult executionId="683c10c6-b105-4570-830b-801e1cb259bb" testId="def6eece-c3f0-8807-e939-f4f6f298bb5c" testName="EcoBackend.Tests.Services.NotificationServiceTests.RegisterDeviceTokenAsync_ShouldUpdateExistingToken" computerName="LAPTOP-NSFAM8KS" duration="00:00:00.0053669" startTime="2026-04-27T13:33:55.2857583+05:30" endTime="2026-04-27T13:33:55.2857585+05:30" testType="13cdc9d9-ddb5-4fa4-a97d-d965ccfc6d4b" outcome="Passed" testListId="8c84fa94-04c1-424b-9868-57a2d4851a1d" relativeResultsDirectory="683c10c6-b105-4570-830b-801e1cb259bb" />
    <UnitTestResult executionId="53e581ed-5b2e-49fd-90cd-9118c27e08d0" testId="607dac80-f22c-c3fc-46a7-c7c188fa04d0" testName="EcoBackend.Tests.Integration.TravelEndpointTests.GetTravelSummary_ShouldReturn200" computerName="LAPTOP-NSFAM8KS" duration="00:00:00.0044117" startTime="2026-04-27T13:33:49.2775126+05:30" endTime="2026-04-27T13:33:49.2775127+05:30" testType="13cdc9d9-ddb5-4fa4-a97d-d965ccfc6d4b" outcome="Passed" testListId="8c84fa94-04c1-424b-9868-57a2d4851a1d" relativeResultsDirectory="53e581ed-5b2e-49fd-90cd-9118c27e08d0" />
    <UnitTestResult executionId="14479a30-6cdb-409b-9640-797da2c47618" testId="4c5bb210-c24d-209e-36eb-84b7a832792b" testName="EcoBackend.Tests.Integration.AchievementsEndpointTests.LeaveChallenge_ShouldReturn404_ForNonexistent" computerName="LAPTOP-NSFAM8KS" duration="00:00:00.0347409" startTime="2026-04-27T13:33:37.3750232+05:30" endTime="2026-04-27T13:33:37.3750264+05:30" testType="13cdc9d9-ddb5-4fa4-a97d-d965ccfc6d4b" outcome="Passed" testListId="8c84fa94-04c1-424b-9868-57a2d4851a1d" relativeResultsDirectory="14479a30-6cdb-409b-9640-797da2c47618" />
    <UnitTestResult executionId="9ff4e631-60b2-4f1c-8416-21e95972e058" testId="5cc09b3b-aa43-d742-ddeb-9b4d6aed432a" testName="EcoBackend.Tests.Integration.AnalyticsEndpointTests.GetWeeklyReport_ShouldReturn404_WhenNoReport" computerName="LAPTOP-NSFAM8KS" duration="00:00:00.0295162" startTime="2026-04-27T13:33:44.0725718+05:30" endTime="2026-04-27T13:33:44.0725720+05:30" testType="13cdc9d9-ddb5-4fa4-a97d-d965ccfc6d4b" outcome="Passed" testListId="8c84fa94-04c1-424b-9868-57a2d4851a1d" relativeResultsDirectory="9ff4e631-60b2-4f1c-8416-21e95972e058" />
    <UnitTestResult executionId="d927c45b-8110-4684-baf7-dbe3196a2cf1" testId="3728ed85-6218-350b-dc09-510022955d59" testName="EcoBackend.Tests.Integration.NotificationsEndpointTests.DeleteNotification_ShouldReturn404_ForNonexistent" computerName="LAPTOP-NSFAM8KS" duration="00:00:00.0010000" startTime="2026-04-27T13:33:45.1755439+05:30" endTime="2026-04-27T13:33:45.1755440+05:30" testType="13cdc9d9-ddb5-4fa4-a97d-d965ccfc6d4b" outcome="NotExecuted" testListId="8c84fa94-04c1-424b-9868-57a2d4851a1d" relativeResultsDirectory="d927c45b-8110-4684-baf7-dbe3196a2cf1">
      <Output>
        <ErrorInfo>
          <Message>NotificationsController has been removed; notification dispatch migrated into NotificationService</Message>
        </ErrorInfo>
      </Output>
    </UnitTestResult>
    <UnitTestResult executionId="fc25cf02-7bcc-4b72-9bcc-c39e7453fd1e" testId="d91183b9-ff0c-44b9-f63c-4c27129bd68d" testName="EcoBackend.Tests.Integration.ActivitiesEndpointTests.GetLogSummary_ShouldReturnSummary" computerName="LAPTOP-NSFAM8KS" duration="00:00:00.0010000" startTime="2026-04-27T13:33:42.1618608+05:30" endTime="2026-04-27T13:33:42.1618609+05:30" testType="13cdc9d9-ddb5-4fa4-a97d-d965ccfc6d4b" outcome="NotExecuted" testListId="8c84fa94-04c1-424b-9868-57a2d4851a1d" relativeResultsDirectory="fc25cf02-7bcc-4b72-9bcc-c39e7453fd1e">
      <Output>
        <ErrorInfo>
          <Message>Legacy /log/* alternative routes removed from ActivitiesController</Message>
        </ErrorInfo>
      </Output>
    </UnitTestResult>
    <UnitTestResult executionId="e16d5027-66c9-410b-b746-c1ecf1e9246b" testId="c5acb767-bd2f-da06-a9a0-4a7ea900c77a" testName="EcoBackend.Tests.Integration.PredictionsEndpointTests.GetProfile_ShouldReturn200" computerName="LAPTOP-NSFAM8KS" duration="00:00:00.0214479" startTime="2026-04-27T13:33:46.0044578+05:30" endTime="2026-04-27T13:33:46.0044579+05:30" testType="13cdc9d9-ddb5-4fa4-a97d-d965ccfc6d4b" outcome="Passed" testListId="8c84fa94-04c1-424b-9868-57a2d4851a1d" relativeResultsDirectory="e16d5027-66c9-410b-b746-c1ecf1e9246b" />
    <UnitTestResult executionId="4159e821-ec81-4e04-9232-a3b1a4e82c68" testId="4ad817f6-cb2a-68e5-3b6e-a9ec4d8548c2" testName="EcoBackend.Tests.Integration.PredictionsEndpointTests.GetPredictionHistory_ShouldReturnNotImplemented" computerName="LAPTOP-NSFAM8KS" duration="00:00:00.0463439" startTime="2026-04-27T13:33:47.0576353+05:30" endTime="2026-04-27T13:33:47.0576355+05:30" testType="13cdc9d9-ddb5-4fa4-a97d-d965ccfc6d4b" outcome="Passed" testListId="8c84fa94-04c1-424b-9868-57a2d4851a1d" relativeResultsDirectory="4159e821-ec81-4e04-9232-a3b1a4e82c68" />
    <UnitTestResult executionId="f6b577c8-be35-4f60-b681-5248e9dd7b56" testId="8162f5cd-0945-e321-9f5a-ae2cd20424e1" testName="EcoBackend.Tests.Integration.UsersEndpointTests.Register_ShouldFail_WithDuplicateEmail" computerName="LAPTOP-NSFAM8KS" duration="00:00:00.1190974" startTime="2026-04-27T13:33:53.5983966+05:30" endTime="2026-04-27T13:33:53.5983968+05:30" testType="13cdc9d9-ddb5-4fa4-a97d-d965ccfc6d4b" outcome="Passed" testListId="8c84fa94-04c1-424b-9868-57a2d4851a1d" relativeResultsDirectory="f6b577c8-be35-4f60-b681-5248e9dd7b56" />
    <UnitTestResult executionId="c82fc365-7f3d-4a33-8a73-5144637f982c" testId="6b998a23-e0d0-4c20-cba6-03f35e767efe" testName="EcoBackend.Tests.Integration.ActivitiesEndpointTests.GetDailyTip_ShouldReturnTip" computerName="LAPTOP-NSFAM8KS" duration="00:00:00.0179494" startTime="2026-04-27T13:33:42.3425608+05:30" endTime="2026-04-27T13:33:42.3425612+05:30" testType="13cdc9d9-ddb5-4fa4-a97d-d965ccfc6d4b" outcome="Passed" testListId="8c84fa94-04c1-424b-9868-57a2d4851a1d" relativeResultsDirectory="c82fc365-7f3d-4a33-8a73-5144637f982c" />
    <UnitTestResult executionId="d437aed2-1668-4a90-a39d-4830fcce60f6" testId="dbc44678-fba2-ab61-c987-66eed125daab" testName="EcoBackend.Tests.Services.EmailServiceTests.GenerateToken_ShouldProduceUniqueTokens" computerName="LAPTOP-NSFAM8KS" duration="00:00:00.0860376" startTime="2026-04-27T13:33:55.1648001+05:30" endTime="2026-04-27T13:33:55.1648002+05:30" testType="13cdc9d9-ddb5-4fa4-a97d-d965ccfc6d4b" outcome="Passed" testListId="8c84fa94-04c1-424b-9868-57a2d4851a1d" relativeResultsDirectory="d437aed2-1668-4a90-a39d-4830fcce60f6" />
    <UnitTestResult executionId="50944625-8d19-4445-8fbf-97101e7f4f10" testId="630a185c-5a8e-7244-3b2c-bfdc8fe26618" testName="EcoBackend.Tests.Integration.UsersEndpointTests.Login_ShouldFail_WithWrongPassword" computerName="LAPTOP-NSFAM8KS" duration="00:00:00.1303101" startTime="2026-04-27T13:33:52.6581505+05:30" endTime="2026-04-27T13:33:52.6581507+05:30" testType="13cdc9d9-ddb5-4fa4-a97d-d965ccfc6d4b" outcome="Passed" testListId="8c84fa94-04c1-424b-9868-57a2d4851a1d" relativeResultsDirectory="50944625-8d19-4445-8fbf-97101e7f4f10" />
    <UnitTestResult executionId="e520828b-7109-423c-a845-7ff527aacd7a" testId="a9edc6eb-4493-4796-5986-44bf5e82777a" testName="EcoBackend.Tests.Integration.AnalyticsEndpointTests.ExportCsv_AllPeriod_ShouldWork" computerName="LAPTOP-NSFAM8KS" duration="00:00:00.0449598" startTime="2026-04-27T13:33:42.7182513+05:30" endTime="2026-04-27T13:33:42.7182516+05:30" testType="13cdc9d9-ddb5-4fa4-a97d-d965ccfc6d4b" outcome="Passed" testListId="8c84fa94-04c1-424b-9868-57a2d4851a1d" relativeResultsDirectory="e520828b-7109-423c-a845-7ff527aacd7a" />
    <UnitTestResult executionId="2cd6df28-cc4d-45d9-9c58-afd23f68a047" testId="91ae14bd-b360-9a93-6db5-96cf74d40c26" testName="EcoBackend.Tests.Integration.UsersEndpointTests.UpdateNotificationSettings_ShouldModifySettings" computerName="LAPTOP-NSFAM8KS" duration="00:00:00.1189220" startTime="2026-04-27T13:33:53.8410816+05:30" endTime="2026-04-27T13:33:53.8410818+05:30" testType="13cdc9d9-ddb5-4fa4-a97d-d965ccfc6d4b" outcome="Passed" testListId="8c84fa94-04c1-424b-9868-57a2d4851a1d" relativeResultsDirectory="2cd6df28-cc4d-45d9-9c58-afd23f68a047" />
    <UnitTestResult executionId="d60e62e1-9f26-43e7-97f2-2ce5962db672" testId="33f1d406-b88f-54ff-3906-2ae8f99a2338" testName="EcoBackend.Tests.Integration.PredictionsEndpointTests.CreateProfile_ThenGetProfile_ShouldReturnData" computerName="LAPTOP-NSFAM8KS" duration="00:00:00.0349813" startTime="2026-04-27T13:33:46.8916364+05:30" endTime="2026-04-27T13:33:46.8916365+05:30" testType="13cdc9d9-ddb5-4fa4-a97d-d965ccfc6d4b" outcome="Passed" testListId="8c84fa94-04c1-424b-9868-57a2d4851a1d" relativeResultsDirectory="d60e62e1-9f26-43e7-97f2-2ce5962db672" />
    <UnitTestResult executionId="a693782f-3763-4a05-8100-515348d29e84" testId="13aae0e2-a61c-72f7-4382-fc295fda9525" testName="EcoBackend.Tests.Integration.ActivitiesEndpointTests.CreateActivity_ShouldFail_WithInvalidActivityType" computerName="LAPTOP-NSFAM8KS" duration="00:00:00.0337108" startTime="2026-04-27T13:33:40.6861529+05:30" endTime="2026-04-27T13:33:40.6861532+05:30" testType="13cdc9d9-ddb5-4fa4-a97d-d965ccfc6d4b" outcome="Passed" testListId="8c84fa94-04c1-424b-9868-57a2d4851a1d" relativeResultsDirectory="a693782f-3763-4a05-8100-515348d29e84" />
    <UnitTestResult executionId="7d6e26e0-2798-40cc-91f6-b148c051043c" testId="c9431edd-5654-82c0-d5ce-f93a163f9dc8" testName="EcoBackend.Tests.Services.NotificationServiceTests.SendBadgeNotificationAsync_ShouldCreateBadgeNotification" computerName="LAPTOP-NSFAM8KS" duration="00:00:00.0061700" startTime="2026-04-27T13:33:55.2922988+05:30" endTime="2026-04-27T13:33:55.2922990+05:30" testType="13cdc9d9-ddb5-4fa4-a97d-d965ccfc6d4b" outcome="Passed" testListId="8c84fa94-04c1-424b-9868-57a2d4851a1d" relativeResultsDirectory="7d6e26e0-2798-40cc-91f6-b148c051043c" />
    <UnitTestResult executionId="41c5ae5a-efdd-4c60-881a-908e0c9e0e19" testId="2be5eec7-94ab-fbc3-cbee-02c9f697eef2" testName="EcoBackend.Tests.Integration.UsersEndpointTests.Register_ShouldCreateNewUser_WithValidData" computerName="LAPTOP-NSFAM8KS" duration="00:00:00.0545254" startTime="2026-04-27T13:33:54.9313011+05:30" endTime="2026-04-27T13:33:54.9313013+05:30" testType="13cdc9d9-ddb5-4fa4-a97d-d965ccfc6d4b" outcome="Passed" testListId="8c84fa94-04c1-424b-9868-57a2d4851a1d" relativeResultsDirectory="41c5ae5a-efdd-4c60-881a-908e0c9e0e19" />
    <UnitTestResult executionId="736ca682-f6a7-4cfe-b1f5-c864083be4a5" testId="ea1c16d2-22ae-11bd-286a-6dcb1c1d4f30" testName="EcoBackend.Tests.Integration.AchievementsEndpointTests.GetActiveChallenges_ShouldReturnList" computerName="LAPTOP-NSFAM8KS" duration="00:00:00.0492939" startTime="2026-04-27T13:33:36.5696146+05:30" endTime="2026-04-27T13:33:36.5696150+05:30" testType="13cdc9d9-ddb5-4fa4-a97d-d965ccfc6d4b" outcome="Passed" testListId="8c84fa94-04c1-424b-9868-57a2d4851a1d" relativeResultsDirectory="736ca682-f6a7-4cfe-b1f5-c864083be4a5" />
    <UnitTestResult executionId="0bab7707-876f-4f17-91e3-bbdaf010654b" testId="4f9ecddc-4947-5327-9343-db4e292f288c" testName="EcoBackend.Tests.Services.NotificationServiceTests.GetUserNotificationsAsync_ShouldReturnSecondPage" computerName="LAPTOP-NSFAM8KS" duration="00:00:00.0073305" startTime="2026-04-27T13:33:55.2999682+05:30" endTime="2026-04-27T13:33:55.2999684+05:30" testType="13cdc9d9-ddb5-4fa4-a97d-d965ccfc6d4b" outcome="Passed" testListId="8c84fa94-04c1-424b-9868-57a2d4851a1d" relativeResultsDirectory="0bab7707-876f-4f17-91e3-bbdaf010654b" />
    <UnitTestResult executionId="0b13e6c6-361c-4c8d-bbb7-159c4eba9035" testId="4d214d70-6add-f393-e749-1c481e813b84" testName="EcoBackend.Tests.Integration.PredictionsEndpointTests.GetTripPredictions_ShouldReturnNotImplemented" computerName="LAPTOP-NSFAM8KS" duration="00:00:00.0234279" startTime="2026-04-27T13:33:47.7278897+05:30" endTime="2026-04-27T13:33:47.7278898+05:30" testType="13cdc9d9-ddb5-4fa4-a97d-d965ccfc6d4b" outcome="Passed" testListId="8c84fa94-04c1-424b-9868-57a2d4851a1d" relativeResultsDirectory="0b13e6c6-361c-4c8d-bbb7-159c4eba9035" />
    <UnitTestResult executionId="46a65c46-ac5a-4537-be4b-a1c3914a79c9" testId="752568a2-2fc1-6b7d-52e3-3ed5bdaca1c4" testName="EcoBackend.Tests.Integration.ActivitiesEndpointTests.GetCategories_ShouldReturnList" computerName="LAPTOP-NSFAM8KS" duration="00:00:00.0290054" startTime="2026-04-27T13:33:41.0866045+05:30" endTime="2026-04-27T13:33:41.0866048+05:30" testType="13cdc9d9-ddb5-4fa4-a97d-d965ccfc6d4b" outcome="Passed" testListId="8c84fa94-04c1-424b-9868-57a2d4851a1d" relativeResultsDirectory="46a65c46-ac5a-4537-be4b-a1c3914a79c9" />
    <UnitTestResult executionId="fe7a5050-3c4e-4360-b229-a9605a342676" testId="49a50426-73e0-f0d1-7261-ad562159b19c" testName="EcoBackend.Tests.Integration.TravelEndpointTests.CreateTrip_ShouldSucceed" computerName="LAPTOP-NSFAM8KS" duration="00:00:00.0808773" startTime="2026-04-27T13:33:49.5833337+05:30" endTime="2026-04-27T13:33:49.5833337+05:30" testType="13cdc9d9-ddb5-4fa4-a97d-d965ccfc6d4b" outcome="Passed" testListId="8c84fa94-04c1-424b-9868-57a2d4851a1d" relativeResultsDirectory="fe7a5050-3c4e-4360-b229-a9605a342676" />
    <UnitTestResult executionId="9545d409-8d25-4d48-ba42-e5106634f625" testId="461a7305-b4dd-d2f3-727d-7c4a33ff6093" testName="EcoBackend.Tests.Integration.ActivitiesEndpointTests.DeleteActivity_ShouldReturn404_ForNonexistent" computerName="LAPTOP-NSFAM8KS" duration="00:00:00.0195884" startTime="2026-04-27T13:33:42.1611537+05:30" endTime="2026-04-27T13:33:42.1611540+05:30" testType="13cdc9d9-ddb5-4fa4-a97d-d965ccfc6d4b" outcome="Passed" testListId="8c84fa94-04c1-424b-9868-57a2d4851a1d" relativeResultsDirectory="9545d409-8d25-4d48-ba42-e5106634f625" />
    <UnitTestResult executionId="01296674-a089-44fd-ac02-45c2ce457fcb" testId="beb73cec-b58c-b10e-f6d0-4e1a67695b29" testName="EcoBackend.Tests.Integration.UsersEndpointTests.GetMyRank_ShouldReturnUserRank" computerName="LAPTOP-NSFAM8KS" duration="00:00:00.1187399" startTime="2026-04-27T13:33:54.8763105+05:30" endTime="2026-04-27T13:33:54.8763106+05:30" testType="13cdc9d9-ddb5-4fa4-a97d-d965ccfc6d4b" outcome="Passed" testListId="8c84fa94-04c1-424b-9868-57a2d4851a1d" relativeResultsDirectory="01296674-a089-44fd-ac02-45c2ce457fcb" />
    <UnitTestResult executionId="03d0decd-1ff9-4729-b12e-6f8d651a0b6d" testId="5b1f76b2-1a1e-3d40-db9b-b0e09538affc" testName="EcoBackend.Tests.Integration.PredictionsEndpointTests.GetDailyLogs_ShouldReturnList" computerName="LAPTOP-NSFAM8KS" duration="00:00:00.0249282" startTime="2026-04-27T13:33:47.1951590+05:30" endTime="2026-04-27T13:33:47.1951591+05:30" testType="13cdc9d9-ddb5-4fa4-a97d-d965ccfc6d4b" outcome="Passed" testListId="8c84fa94-04c1-424b-9868-57a2d4851a1d" relativeResultsDirectory="03d0decd-1ff9-4729-b12e-6f8d651a0b6d" />
    <UnitTestResult executionId="344a3e72-244f-4c9b-9306-0c841976b9a9" testId="1d76a381-5ab7-2441-6900-826d5e3f04c3" testName="EcoBackend.Tests.Integration.AchievementsEndpointTests.JoinChallenge_ShouldReturn404_ForNonexistent" computerName="LAPTOP-NSFAM8KS" duration="00:00:00.0404290" startTime="2026-04-27T13:33:35.9962161+05:30" endTime="2026-04-27T13:33:35.9962165+05:30" testType="13cdc9d9-ddb5-4fa4-a97d-d965ccfc6d4b" outcome="Passed" testListId="8c84fa94-04c1-424b-9868-57a2d4851a1d" relativeResultsDirectory="344a3e72-244f-4c9b-9306-0c841976b9a9" />
    <UnitTestResult executionId="d0cdd84c-e305-457c-a0b9-df83e7e9587c" testId="a08673fe-6f49-e64e-6aaf-b8e05bf17995" testName="EcoBackend.Tests.Integration.ActivitiesEndpointTests.GetActivityTypes_WithCategoryFilter_ShouldWork" computerName="LAPTOP-NSFAM8KS" duration="00:00:00.0100298" startTime="2026-04-27T13:33:42.0055164+05:30" endTime="2026-04-27T13:33:42.0055170+05:30" testType="13cdc9d9-ddb5-4fa4-a97d-d965ccfc6d4b" outcome="Passed" testListId="8c84fa94-04c1-424b-9868-57a2d4851a1d" relativeResultsDirectory="d0cdd84c-e305-457c-a0b9-df83e7e9587c" />
    <UnitTestResult executionId="44afa4bf-a60e-4d29-962f-e02860848a7b" testId="bc186299-c95c-4ffd-b7a3-5feb69d96faa" testName="EcoBackend.Tests.Integration.AnalyticsEndpointTests.GetMonthlyReport_WithYearAndMonth_ShouldWork" computerName="LAPTOP-NSFAM8KS" duration="00:00:00.0035979" startTime="2026-04-27T13:33:45.1709243+05:30" endTime="2026-04-27T13:33:45.1709245+05:30" testType="13cdc9d9-ddb5-4fa4-a97d-d965ccfc6d4b" outcome="Passed" testListId="8c84fa94-04c1-424b-9868-57a2d4851a1d" relativeResultsDirectory="44afa4bf-a60e-4d29-962f-e02860848a7b" />
    <UnitTestResult executionId="6681df2d-e961-42ba-91ff-ca582ce83177" testId="8d506b48-0fc2-2191-3148-8b839377c320" testName="EcoBackend.Tests.Integration.PredictionsEndpointTests.PredictTrips_ShouldReturnNotImplemented" computerName="LAPTOP-NSFAM8KS" duration="00:00:00.0387237" startTime="2026-04-27T13:33:47.5927418+05:30" endTime="2026-04-27T13:33:47.5927422+05:30" testType="13cdc9d9-ddb5-4fa4-a97d-d965ccfc6d4b" outcome="Passed" testListId="8c84fa94-04c1-424b-9868-57a2d4851a1d" relativeResultsDirectory="6681df2d-e961-42ba-91ff-ca582ce83177" />
    <UnitTestResult executionId="ea81ec3b-d842-436a-b71f-836fbccbc646" testId="e80db9b8-beac-8e10-98ba-00879f405d82" testName="EcoBackend.Tests.Integration.TravelEndpointTests.UpdateSteps_ShouldSucceed" computerName="LAPTOP-NSFAM8KS" duration="00:00:00.0449216" startTime="2026-04-27T13:33:49.0462848+05:30" endTime="2026-04-27T13:33:49.0462849+05:30" testType="13cdc9d9-ddb5-4fa4-a97d-d965ccfc6d4b" outcome="Passed" testListId="8c84fa94-04c1-424b-9868-57a2d4851a1d" relativeResultsDirectory="ea81ec3b-d842-436a-b71f-836fbccbc646" />
    <UnitTestResult executionId="389a8c3b-2a47-4ef1-b989-c640376f736b" testId="ef86606c-914d-7278-ad3c-e1b99bd533f2" testName="EcoBackend.Tests.Integration.NotificationsEndpointTests.RegisterAndDeactivateDeviceToken_ShouldWork" computerName="LAPTOP-NSFAM8KS" duration="00:00:00.0010000" startTime="2026-04-27T13:33:45.1737235+05:30" endTime="2026-04-27T13:33:45.1737236+05:30" testType="13cdc9d9-ddb5-4fa4-a97d-d965ccfc6d4b" outcome="NotExecuted" testListId="8c84fa94-04c1-424b-9868-57a2d4851a1d" relativeResultsDirectory="389a8c3b-2a47-4ef1-b989-c640376f736b">
      <Output>
        <ErrorInfo>
          <Message>NotificationsController has been removed; notification dispatch migrated into NotificationService</Message>
        </ErrorInfo>
      </Output>
    </UnitTestResult>
    <UnitTestResult executionId="afbd3d38-38f8-48da-8d6b-3d43e8b1bba9" testId="d7fe0501-9006-b7a3-ced3-fce3e75e420b" testName="EcoBackend.Tests.Integration.PredictionsEndpointTests.Predict_ShouldReturn401_WhenNotAuthenticated" computerName="LAPTOP-NSFAM8KS" duration="00:00:00.0017134" startTime="2026-04-27T13:33:48.3684503+05:30" endTime="2026-04-27T13:33:48.3684505+05:30" testType="13cdc9d9-ddb5-4fa4-a97d-d965ccfc6d4b" outcome="Passed" testListId="8c84fa94-04c1-424b-9868-57a2d4851a1d" relativeResultsDirectory="afbd3d38-38f8-48da-8d6b-3d43e8b1bba9" />
    <UnitTestResult executionId="220027f0-70fe-45e9-8228-40fc3acd809a" testId="9668afc1-3710-bd76-e20f-96fa974a9685" testName="EcoBackend.Tests.Integration.UsersEndpointTests.UpdatePrivacySettings_ShouldModifySettings" computerName="LAPTOP-NSFAM8KS" duration="00:00:00.1343385" startTime="2026-04-27T13:33:52.7932566+05:30" endTime="2026-04-27T13:33:52.7932567+05:30" testType="13cdc9d9-ddb5-4fa4-a97d-d965ccfc6d4b" outcome="Passed" testListId="8c84fa94-04c1-424b-9868-57a2d4851a1d" relativeResultsDirectory="220027f0-70fe-45e9-8228-40fc3acd809a" />
    <UnitTestResult executionId="e781ebef-212e-4d3f-afdd-458c4ddfa099" testId="28789133-5647-2194-b615-9b60188b2ae1" testName="EcoBackend.Tests.Services.NotificationServiceTests.GetUserNotificationsAsync_ShouldReturnPaginatedNotifications" computerName="LAPTOP-NSFAM8KS" duration="00:00:00.0040205" startTime="2026-04-27T13:33:55.2777884+05:30" endTime="2026-04-27T13:33:55.2777889+05:30" testType="13cdc9d9-ddb5-4fa4-a97d-d965ccfc6d4b" outcome="Passed" testListId="8c84fa94-04c1-424b-9868-57a2d4851a1d" relativeResultsDirectory="e781ebef-212e-4d3f-afdd-458c4ddfa099" />
    <UnitTestResult executionId="51cc5408-77de-415f-aaae-998e27e0dd9d" testId="f352bcb1-2013-3345-c6ad-f0612665d674" testName="EcoBackend.Tests.Services.EmailServiceTests.SendPasswordResetEmailAsync_ShouldUpdateToken_WhenTokenExists" computerName="LAPTOP-NSFAM8KS" duration="00:00:00.0039217" startTime="2026-04-27T13:33:55.1690960+05:30" endTime="2026-04-27T13:33:55.1690961+05:30" testType="13cdc9d9-ddb5-4fa4-a97d-d965ccfc6d4b" outcome="Passed" testListId="8c84fa94-04c1-424b-9868-57a2d4851a1d" relativeResultsDirectory="51cc5408-77de-415f-aaae-998e27e0dd9d" />
    <UnitTestResult executionId="978cebdf-2bb3-4d6e-a303-eafa983d9156" testId="70e37539-e5ba-d45d-dfd0-c10ceeaa2fd2" testName="EcoBackend.Tests.Services.NotificationServiceTests.MarkAllNotificationsAsReadAsync_ShouldMarkAllUserNotificationsAsRead" computerName="LAPTOP-NSFAM8KS" duration="00:00:00.0052547" startTime="2026-04-27T13:33:55.3079022+05:30" endTime="2026-04-27T13:33:55.3079023+05:30" testType="13cdc9d9-ddb5-4fa4-a97d-d965ccfc6d4b" outcome="Passed" testListId="8c84fa94-04c1-424b-9868-57a2d4851a1d" relativeResultsDirectory="978cebdf-2bb3-4d6e-a303-eafa983d9156" />
    <UnitTestResult executionId="a0beacf7-4d52-454d-bfc3-1dd4a5d0a593" testId="9bca2eb7-2fe2-fe0a-ba21-01a178cd464a" testName="EcoBackend.Tests.Integration.UsersEndpointTests.GetUnreadNotificationCount_ShouldReturnCount" computerName="LAPTOP-NSFAM8KS" duration="00:00:00.1174377" startTime="2026-04-27T13:33:53.3614096+05:30" endTime="2026-04-27T13:33:53.3614097+05:30" testType="13cdc9d9-ddb5-4fa4-a97d-d965ccfc6d4b" outcome="Passed" testListId="8c84fa94-04c1-424b-9868-57a2d4851a1d" relativeResultsDirectory="a0beacf7-4d52-454d-bfc3-1dd4a5d0a593" />
    <UnitTestResult executionId="ad58e3ee-df6d-49d3-8823-35b727956034" testId="9b00cebe-49a5-7ffd-3d3f-04da60aac637" testName="EcoBackend.Tests.Integration.AchievementsEndpointTests.GetCompletedChallenges_ShouldReturnList" computerName="LAPTOP-NSFAM8KS" duration="00:00:00.0211779" startTime="2026-04-27T13:33:35.8000927+05:30" endTime="2026-04-27T13:33:35.8000930+05:30" testType="13cdc9d9-ddb5-4fa4-a97d-d965ccfc6d4b" outcome="Passed" testListId="8c84fa94-04c1-424b-9868-57a2d4851a1d" relativeResultsDirectory="ad58e3ee-df6d-49d3-8823-35b727956034" />
    <UnitTestResult executionId="20e23741-42b1-4c62-a51c-f1582531490b" testId="19c83f3c-df4f-767d-5edd-96ddd5ab9961" testName="EcoBackend.Tests.Services.EmailServiceTests.VerifyPasswordResetTokenAsync_ShouldReturnTrue_WithValidToken" computerName="LAPTOP-NSFAM8KS" duration="00:00:00.0063680" startTime="2026-04-27T13:33:55.0668327+05:30" endTime="2026-04-27T13:33:55.0668328+05:30" testType="13cdc9d9-ddb5-4fa4-a97d-d965ccfc6d4b" outcome="Passed" testListId="8c84fa94-04c1-424b-9868-57a2d4851a1d" relativeResultsDirectory="20e23741-42b1-4c62-a51c-f1582531490b" />
    <UnitTestResult executionId="2e3e2028-96f5-46fc-bbba-139e1b7b957b" testId="52f81bd6-96f9-fd74-92b8-63b417c64064" testName="EcoBackend.Tests.Integration.UsersEndpointTests.MarkAllNotificationsAsRead_ShouldAcceptRequest" computerName="LAPTOP-NSFAM8KS" duration="00:00:00.1259560" startTime="2026-04-27T13:33:54.3898210+05:30" endTime="2026-04-27T13:33:54.3898211+05:30" testType="13cdc9d9-ddb5-4fa4-a97d-d965ccfc6d4b" outcome="Passed" testListId="8c84fa94-04c1-424b-9868-57a2d4851a1d" relativeResultsDirectory="2e3e2028-96f5-46fc-bbba-139e1b7b957b" />
    <UnitTestResult executionId="d2e30a29-e867-4b5f-8b32-5033477ee267" testId="ef82652a-f2b1-e317-08d1-0d1170c92a2c" testName="EcoBackend.Tests.Integration.NotificationsEndpointTests.GetNotifications_ShouldReturnPaginatedList" computerName="LAPTOP-NSFAM8KS" duration="00:00:00.0010000" startTime="2026-04-27T13:33:45.1752921+05:30" endTime="2026-04-27T13:33:45.1752922+05:30" testType="13cdc9d9-ddb5-4fa4-a97d-d965ccfc6d4b" outcome="NotExecuted" testListId="8c84fa94-04c1-424b-9868-57a2d4851a1d" relativeResultsDirectory="d2e30a29-e867-4b5f-8b32-5033477ee267">
      <Output>
        <ErrorInfo>
          <Message>NotificationsController has been removed; notification dispatch migrated into NotificationService</Message>
        </ErrorInfo>
      </Output>
    </UnitTestResult>
    <UnitTestResult executionId="9182451b-632b-4f96-88bd-8528d2b9d6e3" testId="fb0579f9-dd11-70fd-7c7e-a899111ee444" testName="EcoBackend.Tests.Services.NotificationServiceTests.SendAchievementNotificationAsync_ShouldCreateAchievementNotification" computerName="LAPTOP-NSFAM8KS" duration="00:00:00.0130905" startTime="2026-04-27T13:33:55.2733360+05:30" endTime="2026-04-27T13:33:55.2733362+05:30" testType="13cdc9d9-ddb5-4fa4-a97d-d965ccfc6d4b" outcome="Passed" testListId="8c84fa94-04c1-424b-9868-57a2d4851a1d" relativeResultsDirectory="9182451b-632b-4f96-88bd-8528d2b9d6e3" />
    <UnitTestResult executionId="9255d1ac-77a4-4913-94ae-0a580234730d" testId="8795f188-294e-d11b-4a3e-6cbc08cffa72" testName="EcoBackend.Tests.Integration.NotificationsEndpointTests.GetNotifications_ShouldReturn401_WhenNotAuthenticated" computerName="LAPTOP-NSFAM8KS" duration="00:00:00.0010000" startTime="2026-04-27T13:33:45.1725566+05:30" endTime="2026-04-27T13:33:45.1725568+05:30" testType="13cdc9d9-ddb5-4fa4-a97d-d965ccfc6d4b" outcome="NotExecuted" testListId="8c84fa94-04c1-424b-9868-57a2d4851a1d" relativeResultsDirectory="9255d1ac-77a4-4913-94ae-0a580234730d">
      <Output>
        <ErrorInfo>
          <Message>NotificationsController has been removed; notification dispatch migrated into NotificationService</Message>
        </ErrorInfo>
      </Output>
    </UnitTestResult>
    <UnitTestResult executionId="f7110bf6-4781-4888-955a-a73836f4aba9" testId="10713eb3-23d2-c994-3065-188ac948018c" testName="EcoBackend.Tests.Integration.PredictionsEndpointTests.GetDailyPredictions_ShouldReturnNotImplemented" computerName="LAPTOP-NSFAM8KS" duration="00:00:00.0110386" startTime="2026-04-27T13:33:46.3735547+05:30" endTime="2026-04-27T13:33:46.3735548+05:30" testType="13cdc9d9-ddb5-4fa4-a97d-d965ccfc6d4b" outcome="Passed" testListId="8c84fa94-04c1-424b-9868-57a2d4851a1d" relativeResultsDirectory="f7110bf6-4781-4888-955a-a73836f4aba9" />
    <UnitTestResult executionId="b36bff22-ae5e-4ae5-90e1-9618ab7fc543" testId="f3cf61ae-15ee-100c-5ea6-71ec0a0b5e5b" testName="EcoBackend.Tests.Integration.AnalyticsEndpointTests.GetDashboard_ShouldReturnDashboardData" computerName="LAPTOP-NSFAM8KS" duration="00:00:00.0604275" startTime="2026-04-27T13:33:44.2913354+05:30" endTime="2026-04-27T13:33:44.2913358+05:30" testType="13cdc9d9-ddb5-4fa4-a97d-d965ccfc6d4b" outcome="Passed" testListId="8c84fa94-04c1-424b-9868-57a2d4851a1d" relativeResultsDirectory="b36bff22-ae5e-4ae5-90e1-9618ab7fc543" />
    <UnitTestResult executionId="1f5771e5-c87f-4bf6-bac2-7c21d55e16c5" testId="5c42942f-2b24-7d04-0b38-ae9ae85316f4" testName="EcoBackend.Tests.Integration.ActivitiesEndpointTests.GetLogHistory_ShouldReturnGroupedActivities" computerName="LAPTOP-NSFAM8KS" duration="00:00:00.0010000" startTime="2026-04-27T13:33:41.4843354+05:30" endTime="2026-04-27T13:33:41.4843357+05:30" testType="13cdc9d9-ddb5-4fa4-a97d-d965ccfc6d4b" outcome="NotExecuted" testListId="8c84fa94-04c1-424b-9868-57a2d4851a1d" relativeResultsDirectory="1f5771e5-c87f-4bf6-bac2-7c21d55e16c5">
      <Output>
        <ErrorInfo>
          <Message>Legacy /log/* alternative routes removed from ActivitiesController</Message>
        </ErrorInfo>
      </Output>
    </UnitTestResult>
    <UnitTestResult executionId="15721bc2-0bb9-4013-9432-3029dcbcd3b2" testId="4fe1ae14-7c5a-9cc8-7776-ef45622800e6" testName="EcoBackend.Tests.Integration.ActivitiesEndpointTests.GetTodayActivities_ShouldReturn200" computerName="LAPTOP-NSFAM8KS" duration="00:00:00.0466911" startTime="2026-04-27T13:33:40.0770661+05:30" endTime="2026-04-27T13:33:40.0770665+05:30" testType="13cdc9d9-ddb5-4fa4-a97d-d965ccfc6d4b" outcome="Passed" testListId="8c84fa94-04c1-424b-9868-57a2d4851a1d" relativeResultsDirectory="15721bc2-0bb9-4013-9432-3029dcbcd3b2" />
    <UnitTestResult executionId="8855aa54-7f7d-4f72-a6e5-b52eeb119c58" testId="174e47c7-a9f8-ff05-4e0c-74179c82b0b1" testName="EcoBackend.Tests.Integration.NotificationsEndpointTests.RegisterDeviceToken_ShouldReturn401_WhenNotAuthenticated" computerName="LAPTOP-NSFAM8KS" duration="00:00:00.0010000" startTime="2026-04-27T13:33:45.1744203+05:30" endTime="2026-04-27T13:33:45.1744204+05:30" testType="13cdc9d9-ddb5-4fa4-a97d-d965ccfc6d4b" outcome="NotExecuted" testListId="8c84fa94-04c1-424b-9868-57a2d4851a1d" relativeResultsDirectory="8855aa54-7f7d-4f72-a6e5-b52eeb119c58">
      <Output>
        <ErrorInfo>
          <Message>NotificationsController has been removed; notification dispatch migrated into NotificationService</Message>
        </ErrorInfo>
      </Output>
    </UnitTestResult>
    <UnitTestResult executionId="bcb34fe3-74be-4135-8ebb-2247a2742431" testId="70fbebd3-b5ba-26b5-4374-a00857710765" testName="EcoBackend.Tests.Integration.AchievementsEndpointTests.GetMyChallenges_ShouldReturn401_WhenNotAuthenticated" computerName="LAPTOP-NSFAM8KS" duration="00:00:00.0204358" startTime="2026-04-27T13:33:34.7231767+05:30" endTime="2026-04-27T13:33:34.7231979+05:30" testType="13cdc9d9-ddb5-4fa4-a97d-d965ccfc6d4b" outcome="Passed" testListId="8c84fa94-04c1-424b-9868-57a2d4851a1d" relativeResultsDirectory="bcb34fe3-74be-4135-8ebb-2247a2742431" />
    <UnitTestResult executionId="6689738c-d4a1-4417-8d6a-530a189e6fb1" testId="9e3e22b2-201c-d4ea-0e16-e7957fb4614a" testName="EcoBackend.Tests.Services.EmailServiceTests.VerifyPasswordResetTokenAsync_ShouldReturnFalse_WithNullEmail" computerName="LAPTOP-NSFAM8KS" duration="00:00:00.0004780" startTime="2026-04-27T13:33:55.1802352+05:30" endTime="2026-04-27T13:33:55.1802352+05:30" testType="13cdc9d9-ddb5-4fa4-a97d-d965ccfc6d4b" outcome="Passed" testListId="8c84fa94-04c1-424b-9868-57a2d4851a1d" relativeResultsDirectory="6689738c-d4a1-4417-8d6a-530a189e6fb1" />
    <UnitTestResult executionId="4dfaebbb-1e40-4b5f-b144-1439e155d216" testId="e2956211-7e61-4314-5c3f-63d6cc30598a" testName="EcoBackend.Tests.Services.NotificationServiceTests.CreateNotificationAsync_ShouldCreateNotificationRecord" computerName="LAPTOP-NSFAM8KS" duration="00:00:00.0066367" startTime="2026-04-27T13:33:55.3235748+05:30" endTime="2026-04-27T13:33:55.3235749+05:30" testType="13cdc9d9-ddb5-4fa4-a97d-d965ccfc6d4b" outcome="Passed" testListId="8c84fa94-04c1-424b-9868-57a2d4851a1d" relativeResultsDirectory="4dfaebbb-1e40-4b5f-b144-1439e155d216" />
    <UnitTestResult executionId="54c44fdf-41c7-4d53-ab5e-a8857596fc34" testId="c7534713-60fd-e185-7ad5-ac750da806b7" testName="EcoBackend.Tests.Integration.NotificationsEndpointTests.SendTestNotification_ShouldWork_InDevelopment" computerName="LAPTOP-NSFAM8KS" duration="00:00:00.0010000" startTime="2026-04-27T13:33:45.1722225+05:30" endTime="2026-04-27T13:33:45.1722225+05:30" testType="13cdc9d9-ddb5-4fa4-a97d-d965ccfc6d4b" outcome="NotExecuted" testListId="8c84fa94-04c1-424b-9868-57a2d4851a1d" relativeResultsDirectory="54c44fdf-41c7-4d53-ab5e-a8857596fc34">
      <Output>
        <ErrorInfo>
          <Message>NotificationsController has been removed; notification dispatch migrated into NotificationService</Message>
        </ErrorInfo>
      </Output>
    </UnitTestResult>
    <UnitTestResult executionId="dbd5ccee-c0db-4e02-b9b3-61982239f652" testId="9b7835e4-5ee1-e021-0345-bceb261b113b" testName="EcoBackend.Tests.Integration.UsersEndpointTests.GetProfile_ShouldReturnUserData_WhenAuthenticated" computerName="LAPTOP-NSFAM8KS" duration="00:00:00.1315861" startTime="2026-04-27T13:33:54.6303613+05:30" endTime="2026-04-27T13:33:54.6303615+05:30" testType="13cdc9d9-ddb5-4fa4-a97d-d965ccfc6d4b" outcome="Passed" testListId="8c84fa94-04c1-424b-9868-57a2d4851a1d" relativeResultsDirectory="dbd5ccee-c0db-4e02-b9b3-61982239f652" />
    <UnitTestResult executionId="1c380f0b-0dad-48a1-bf79-7887b9673456" testId="eff58f63-fde9-974c-187f-506c59a42677" testName="EcoBackend.Tests.Services.EmailServiceTests.VerifyPasswordResetTokenAsync_ShouldReturnFalse_WithExpiredToken" computerName="LAPTOP-NSFAM8KS" duration="00:00:00.0014923" startTime="2026-04-27T13:33:55.0783945+05:30" endTime="2026-04-27T13:33:55.0783946+05:30" testType="13cdc9d9-ddb5-4fa4-a97d-d965ccfc6d4b" outcome="Passed" testListId="8c84fa94-04c1-424b-9868-57a2d4851a1d" relativeResultsDirectory="1c380f0b-0dad-48a1-bf79-7887b9673456" />
    <UnitTestResult executionId="7eb3e59d-3b43-4391-a005-95808e9e2c67" testId="a10874d8-ceec-b18a-423a-2ea824a57d70" testName="EcoBackend.Tests.Integration.AnalyticsEndpointTests.GetMonthlyReport_ShouldReturn404_WhenNoReport" computerName="LAPTOP-NSFAM8KS" duration="00:00:00.0208427" startTime="2026-04-27T13:33:43.7199152+05:30" endTime="2026-04-27T13:33:43.7199155+05:30" testType="13cdc9d9-ddb5-4fa4-a97d-d965ccfc6d4b" outcome="Passed" testListId="8c84fa94-04c1-424b-9868-57a2d4851a1d" relativeResultsDirectory="7eb3e59d-3b43-4391-a005-95808e9e2c67" />
    <UnitTestResult executionId="231dbafd-6cf3-4c5f-b3c3-03dc633e2597" testId="f143180b-fa55-64c8-f7b1-ffd94f40a352" testName="EcoBackend.Tests.Integration.AchievementsEndpointTests.GetMyBadgesSummary_ShouldReturnSummary" computerName="LAPTOP-NSFAM8KS" duration="00:00:00.1161389" startTime="2026-04-27T13:33:38.5118958+05:30" endTime="2026-04-27T13:33:38.5118962+05:30" testType="13cdc9d9-ddb5-4fa4-a97d-d965ccfc6d4b" outcome="Passed" testListId="8c84fa94-04c1-424b-9868-57a2d4851a1d" relativeResultsDirectory="231dbafd-6cf3-4c5f-b3c3-03dc633e2597" />
    <UnitTestResult executionId="d230f8a6-781f-4c87-8951-e85efdf1a8b0" testId="9716fc8d-07d2-fadb-eab9-4e3f6235d555" testName="EcoBackend.Tests.Integration.AnalyticsEndpointTests.GetDashboard_ShouldReturn401_WhenNotAuthenticated" computerName="LAPTOP-NSFAM8KS" duration="00:00:00.0039932" startTime="2026-04-27T13:33:42.5210234+05:30" endTime="2026-04-27T13:33:42.5210239+05:30" testType="13cdc9d9-ddb5-4fa4-a97d-d965ccfc6d4b" outcome="Passed" testListId="8c84fa94-04c1-424b-9868-57a2d4851a1d" relativeResultsDirectory="d230f8a6-781f-4c87-8951-e85efdf1a8b0" />
    <UnitTestResult executionId="02838f7d-a999-41d3-94d5-3218cdc977a9" testId="a1b9631e-44ef-9a03-5a6c-c05eff8f3766" testName="EcoBackend.Tests.Integration.AnalyticsEndpointTests.GetWeeklyReport_WithSpecificDate_ShouldWork" computerName="LAPTOP-NSFAM8KS" duration="00:00:00.0040359" startTime="2026-04-27T13:33:44.4711910+05:30" endTime="2026-04-27T13:33:44.4711913+05:30" testType="13cdc9d9-ddb5-4fa4-a97d-d965ccfc6d4b" outcome="Passed" testListId="8c84fa94-04c1-424b-9868-57a2d4851a1d" relativeResultsDirectory="02838f7d-a999-41d3-94d5-3218cdc977a9" />
    <UnitTestResult executionId="6fc351b0-1ac7-475e-970f-8f11e40758e6" testId="289c5607-4cd3-f36f-2e2a-3e8a6b10bf41" testName="EcoBackend.Tests.Integration.TravelEndpointTests.GetTravelSummary_WithDate_ShouldWork" computerName="LAPTOP-NSFAM8KS" duration="00:00:00.0165878" startTime="2026-04-27T13:33:48.6247520+05:30" endTime="2026-04-27T13:33:48.6247523+05:30" testType="13cdc9d9-ddb5-4fa4-a97d-d965ccfc6d4b" outcome="Passed" testListId="8c84fa94-04c1-424b-9868-57a2d4851a1d" relativeResultsDirectory="6fc351b0-1ac7-475e-970f-8f11e40758e6" />
    <UnitTestResult executionId="f4f5a4f8-b958-4ffa-8273-c19b33bef821" testId="6671edf9-0621-f094-c025-31c88606d534" testName="EcoBackend.Tests.Integration.NotificationsEndpointTests.RegisterDeviceToken_ShouldSucceed" computerName="LAPTOP-NSFAM8KS" duration="00:00:00.0010000" startTime="2026-04-27T13:33:45.1750380+05:30" endTime="2026-04-27T13:33:45.1750382+05:30" testType="13cdc9d9-ddb5-4fa4-a97d-d965ccfc6d4b" outcome="NotExecuted" testListId="8c84fa94-04c1-424b-9868-57a2d4851a1d" relativeResultsDirectory="f4f5a4f8-b958-4ffa-8273-c19b33bef821">
      <Output>
        <ErrorInfo>
          <Message>NotificationsController has been removed; notification dispatch migrated into NotificationService</Message>
        </ErrorInfo>
      </Output>
    </UnitTestResult>
    <UnitTestResult executionId="c484a866-4bd1-4855-86d7-a98c7c44f00e" testId="d7397a4a-b895-8cb7-4c48-5efe4eeb3956" testName="EcoBackend.Tests.Integration.TravelEndpointTests.DeleteTrip_ShouldReturn404_ForNonexistent" computerName="LAPTOP-NSFAM8KS" duration="00:00:00.0152724" startTime="2026-04-27T13:33:49.7086818+05:30" endTime="2026-04-27T13:33:49.7086819+05:30" testType="13cdc9d9-ddb5-4fa4-a97d-d965ccfc6d4b" outcome="Passed" testListId="8c84fa94-04c1-424b-9868-57a2d4851a1d" relativeResultsDirectory="c484a866-4bd1-4855-86d7-a98c7c44f00e" />
    <UnitTestResult executionId="cfdea3a0-5b58-4925-8e93-f99738285526" testId="c2ef2798-a793-fc62-463f-c4dee4d44a6f" testName="EcoBackend.Tests.Integration.TravelEndpointTests.UpdateLocationPoint_ShouldReturn404_ForNonexistent" computerName="LAPTOP-NSFAM8KS" duration="00:00:00.0112072" startTime="2026-04-27T13:33:49.3962857+05:30" endTime="2026-04-27T13:33:49.3962857+05:30" testType="13cdc9d9-ddb5-4fa4-a97d-d965ccfc6d4b" outcome="Passed" testListId="8c84fa94-04c1-424b-9868-57a2d4851a1d" relativeResultsDirectory="cfdea3a0-5b58-4925-8e93-f99738285526" />
    <UnitTestResult executionId="f6493f53-20d5-406a-8dd9-c8880213ef9b" testId="d8564f81-96ae-63c7-4886-cbca412f42a0" testName="EcoBackend.Tests.Integration.TravelEndpointTests.GetTrips_ShouldReturn401_WhenNotAuthenticated" computerName="LAPTOP-NSFAM8KS" duration="00:00:00.0021779" startTime="2026-04-27T13:33:49.9344933+05:30" endTime="2026-04-27T13:33:49.9344934+05:30" testType="13cdc9d9-ddb5-4fa4-a97d-d965ccfc6d4b" outcome="Passed" testListId="8c84fa94-04c1-424b-9868-57a2d4851a1d" relativeResultsDirectory="f6493f53-20d5-406a-8dd9-c8880213ef9b" />
    <UnitTestResult executionId="4ce2eaf8-3de7-47eb-ae16-75d208c12d5c" testId="f364ef02-1ada-f815-aea8-4bdfe2500b36" testName="EcoBackend.Tests.Integration.AnalyticsEndpointTests.ExportCsv_ShouldReturn401_WhenNotAuthenticated" computerName="LAPTOP-NSFAM8KS" duration="00:00:00.0023377" startTime="2026-04-27T13:33:42.8514209+05:30" endTime="2026-04-27T13:33:42.8514345+05:30" testType="13cdc9d9-ddb5-4fa4-a97d-d965ccfc6d4b" outcome="Passed" testListId="8c84fa94-04c1-424b-9868-57a2d4851a1d" relativeResultsDirectory="4ce2eaf8-3de7-47eb-ae16-75d208c12d5c" />
    <UnitTestResult executionId="16ba5ea8-ec68-46d3-af02-0fbcad011d6b" testId="d39c56fe-dae7-329c-0bd2-b6acfb272635" testName="EcoBackend.Tests.Integration.AchievementsEndpointTests.GetMyActiveChallenges_ShouldReturnList" computerName="LAPTOP-NSFAM8KS" duration="00:00:00.0321943" startTime="2026-04-27T13:33:35.1060466+05:30" endTime="2026-04-27T13:33:35.1060468+05:30" testType="13cdc9d9-ddb5-4fa4-a97d-d965ccfc6d4b" outcome="Passed" testListId="8c84fa94-04c1-424b-9868-57a2d4851a1d" relativeResultsDirectory="16ba5ea8-ec68-46d3-af02-0fbcad011d6b" />
[...]
    <TestEntry testId="4d214d70-6add-f393-e749-1c481e813b84" executionId="0b13e6c6-361c-4c8d-bbb7-159c4eba9035" testListId="8c84fa94-04c1-424b-9868-57a2d4851a1d" />
    <TestEntry testId="752568a2-2fc1-6b7d-52e3-3ed5bdaca1c4" executionId="46a65c46-ac5a-4537-be4b-a1c3914a79c9" testListId="8c84fa94-04c1-424b-9868-57a2d4851a1d" />
    <TestEntry testId="49a50426-73e0-f0d1-7261-ad562159b19c" executionId="fe7a5050-3c4e-4360-b229-a9605a342676" testListId="8c84fa94-04c1-424b-9868-57a2d4851a1d" />
    <TestEntry testId="461a7305-b4dd-d2f3-727d-7c4a33ff6093" executionId="9545d409-8d25-4d48-ba42-e5106634f625" testListId="8c84fa94-04c1-424b-9868-57a2d4851a1d" />
    <TestEntry testId="beb73cec-b58c-b10e-f6d0-4e1a67695b29" executionId="01296674-a089-44fd-ac02-45c2ce457fcb" testListId="8c84fa94-04c1-424b-9868-57a2d4851a1d" />
    <TestEntry testId="5b1f76b2-1a1e-3d40-db9b-b0e09538affc" executionId="03d0decd-1ff9-4729-b12e-6f8d651a0b6d" testListId="8c84fa94-04c1-424b-9868-57a2d4851a1d" />
    <TestEntry testId="1d76a381-5ab7-2441-6900-826d5e3f04c3" executionId="344a3e72-244f-4c9b-9306-0c841976b9a9" testListId="8c84fa94-04c1-424b-9868-57a2d4851a1d" />
    <TestEntry testId="a08673fe-6f49-e64e-6aaf-b8e05bf17995" executionId="d0cdd84c-e305-457c-a0b9-df83e7e9587c" testListId="8c84fa94-04c1-424b-9868-57a2d4851a1d" />
    <TestEntry testId="bc186299-c95c-4ffd-b7a3-5feb69d96faa" executionId="44afa4bf-a60e-4d29-962f-e02860848a7b" testListId="8c84fa94-04c1-424b-9868-57a2d4851a1d" />
    <TestEntry testId="8d506b48-0fc2-2191-3148-8b839377c320" executionId="6681df2d-e961-42ba-91ff-ca582ce83177" testListId="8c84fa94-04c1-424b-9868-57a2d4851a1d" />
    <TestEntry testId="e80db9b8-beac-8e10-98ba-00879f405d82" executionId="ea81ec3b-d842-436a-b71f-836fbccbc646" testListId="8c84fa94-04c1-424b-9868-57a2d4851a1d" />
    <TestEntry testId="ef86606c-914d-7278-ad3c-e1b99bd533f2" executionId="389a8c3b-2a47-4ef1-b989-c640376f736b" testListId="8c84fa94-04c1-424b-9868-57a2d4851a1d" />
    <TestEntry testId="d7fe0501-9006-b7a3-ced3-fce3e75e420b" executionId="afbd3d38-38f8-48da-8d6b-3d43e8b1bba9" testListId="8c84fa94-04c1-424b-9868-57a2d4851a1d" />
    <TestEntry testId="9668afc1-3710-bd76-e20f-96fa974a9685" executionId="220027f0-70fe-45e9-8228-40fc3acd809a" testListId="8c84fa94-04c1-424b-9868-57a2d4851a1d" />
    <TestEntry testId="28789133-5647-2194-b615-9b60188b2ae1" executionId="e781ebef-212e-4d3f-afdd-458c4ddfa099" testListId="8c84fa94-04c1-424b-9868-57a2d4851a1d" />
    <TestEntry testId="f352bcb1-2013-3345-c6ad-f0612665d674" executionId="51cc5408-77de-415f-aaae-998e27e0dd9d" testListId="8c84fa94-04c1-424b-9868-57a2d4851a1d" />
    <TestEntry testId="70e37539-e5ba-d45d-dfd0-c10ceeaa2fd2" executionId="978cebdf-2bb3-4d6e-a303-eafa983d9156" testListId="8c84fa94-04c1-424b-9868-57a2d4851a1d" />
    <TestEntry testId="9bca2eb7-2fe2-fe0a-ba21-01a178cd464a" executionId="a0beacf7-4d52-454d-bfc3-1dd4a5d0a593" testListId="8c84fa94-04c1-424b-9868-57a2d4851a1d" />
    <TestEntry testId="9b00cebe-49a5-7ffd-3d3f-04da60aac637" executionId="ad58e3ee-df6d-49d3-8823-35b727956034" testListId="8c84fa94-04c1-424b-9868-57a2d4851a1d" />
    <TestEntry testId="19c83f3c-df4f-767d-5edd-96ddd5ab9961" executionId="20e23741-42b1-4c62-a51c-f1582531490b" testListId="8c84fa94-04c1-424b-9868-57a2d4851a1d" />
    <TestEntry testId="52f81bd6-96f9-fd74-92b8-63b417c64064" executionId="2e3e2028-96f5-46fc-bbba-139e1b7b957b" testListId="8c84fa94-04c1-424b-9868-57a2d4851a1d" />
    <TestEntry testId="ef82652a-f2b1-e317-08d1-0d1170c92a2c" executionId="d2e30a29-e867-4b5f-8b32-5033477ee267" testListId="8c84fa94-04c1-424b-9868-57a2d4851a1d" />
    <TestEntry testId="fb0579f9-dd11-70fd-7c7e-a899111ee444" executionId="9182451b-632b-4f96-88bd-8528d2b9d6e3" testListId="8c84fa94-04c1-424b-9868-57a2d4851a1d" />
    <TestEntry testId="8795f188-294e-d11b-4a3e-6cbc08cffa72" executionId="9255d1ac-77a4-4913-94ae-0a580234730d" testListId="8c84fa94-04c1-424b-9868-57a2d4851a1d" />
    <TestEntry testId="10713eb3-23d2-c994-3065-188ac948018c" executionId="f7110bf6-4781-4888-955a-a73836f4aba9" testListId="8c84fa94-04c1-424b-9868-57a2d4851a1d" />
    <TestEntry testId="f3cf61ae-15ee-100c-5ea6-71ec0a0b5e5b" executionId="b36bff22-ae5e-4ae5-90e1-9618ab7fc543" testListId="8c84fa94-04c1-424b-9868-57a2d4851a1d" />
    <TestEntry testId="5c42942f-2b24-7d04-0b38-ae9ae85316f4" executionId="1f5771e5-c87f-4bf6-bac2-7c21d55e16c5" testListId="8c84fa94-04c1-424b-9868-57a2d4851a1d" />
    <TestEntry testId="4fe1ae14-7c5a-9cc8-7776-ef45622800e6" executionId="15721bc2-0bb9-4013-9432-3029dcbcd3b2" testListId="8c84fa94-04c1-424b-9868-57a2d4851a1d" />
    <TestEntry testId="174e47c7-a9f8-ff05-4e0c-74179c82b0b1" executionId="8855aa54-7f7d-4f72-a6e5-b52eeb119c58" testListId="8c84fa94-04c1-424b-9868-57a2d4851a1d" />
    <TestEntry testId="70fbebd3-b5ba-26b5-4374-a00857710765" executionId="bcb34fe3-74be-4135-8ebb-2247a2742431" testListId="8c84fa94-04c1-424b-9868-57a2d4851a1d" />
    <TestEntry testId="9e3e22b2-201c-d4ea-0e16-e7957fb4614a" executionId="6689738c-d4a1-4417-8d6a-530a189e6fb1" testListId="8c84fa94-04c1-424b-9868-57a2d4851a1d" />
    <TestEntry testId="e2956211-7e61-4314-5c3f-63d6cc30598a" executionId="4dfaebbb-1e40-4b5f-b144-1439e155d216" testListId="8c84fa94-04c1-424b-9868-57a2d4851a1d" />
    <TestEntry testId="c7534713-60fd-e185-7ad5-ac750da806b7" executionId="54c44fdf-41c7-4d53-ab5e-a8857596fc34" testListId="8c84fa94-04c1-424b-9868-57a2d4851a1d" />
    <TestEntry testId="9b7835e4-5ee1-e021-0345-bceb261b113b" executionId="dbd5ccee-c0db-4e02-b9b3-61982239f652" testListId="8c84fa94-04c1-424b-9868-57a2d4851a1d" />
    <TestEntry testId="eff58f63-fde9-974c-187f-506c59a42677" executionId="1c380f0b-0dad-48a1-bf79-7887b9673456" testListId="8c84fa94-04c1-424b-9868-57a2d4851a1d" />
    <TestEntry testId="a10874d8-ceec-b18a-423a-2ea824a57d70" executionId="7eb3e59d-3b43-4391-a005-95808e9e2c67" testListId="8c84fa94-04c1-424b-9868-57a2d4851a1d" />
    <TestEntry testId="f143180b-fa55-64c8-f7b1-ffd94f40a352" executionId="231dbafd-6cf3-4c5f-b3c3-03dc633e2597" testListId="8c84fa94-04c1-424b-9868-57a2d4851a1d" />
    <TestEntry testId="9716fc8d-07d2-fadb-eab9-4e3f6235d555" executionId="d230f8a6-781f-4c87-8951-e85efdf1a8b0" testListId="8c84fa94-04c1-424b-9868-57a2d4851a1d" />
    <TestEntry testId="a1b9631e-44ef-9a03-5a6c-c05eff8f3766" executionId="02838f7d-a999-41d3-94d5-3218cdc977a9" testListId="8c84fa94-04c1-424b-9868-57a2d4851a1d" />
    <TestEntry testId="289c5607-4cd3-f36f-2e2a-3e8a6b10bf41" executionId="6fc351b0-1ac7-475e-970f-8f11e40758e6" testListId="8c84fa94-04c1-424b-9868-57a2d4851a1d" />
    <TestEntry testId="6671edf9-0621-f094-c025-31c88606d534" executionId="f4f5a4f8-b958-4ffa-8273-c19b33bef821" testListId="8c84fa94-04c1-424b-9868-57a2d4851a1d" />
    <TestEntry testId="d7397a4a-b895-8cb7-4c48-5efe4eeb3956" executionId="c484a866-4bd1-4855-86d7-a98c7c44f00e" testListId="8c84fa94-04c1-424b-9868-57a2d4851a1d" />
    <TestEntry testId="c2ef2798-a793-fc62-463f-c4dee4d44a6f" executionId="cfdea3a0-5b58-4925-8e93-f99738285526" testListId="8c84fa94-04c1-424b-9868-57a2d4851a1d" />
    <TestEntry testId="d8564f81-96ae-63c7-4886-cbca412f42a0" executionId="f6493f53-20d5-406a-8dd9-c8880213ef9b" testListId="8c84fa94-04c1-424b-9868-57a2d4851a1d" />
    <TestEntry testId="f364ef02-1ada-f815-aea8-4bdfe2500b36" executionId="4ce2eaf8-3de7-47eb-ae16-75d208c12d5c" testListId="8c84fa94-04c1-424b-9868-57a2d4851a1d" />
    <TestEntry testId="d39c56fe-dae7-329c-0bd2-b6acfb272635" executionId="16ba5ea8-ec68-46d3-af02-0fbcad011d6b" testListId="8c84fa94-04c1-424b-9868-57a2d4851a1d" />
    <TestEntry testId="b58ade8a-7954-aaa8-6351-349273baa39f" executionId="1f2d4375-ced4-4603-93a0-8d5c9920f0d9" testListId="8c84fa94-04c1-424b-9868-57a2d4851a1d" />
    <TestEntry testId="ab757258-f28a-ce8b-400f-4cd5fd68ec4c" executionId="a97ab6d7-06e1-4dd8-83d8-d6288defd978" testListId="8c84fa94-04c1-424b-9868-57a2d4851a1d" />
    <TestEntry testId="0b744237-cf4f-c063-738f-19e276fa296c" executionId="f2afabca-b8f7-4a99-9966-111818c7ee37" testListId="8c84fa94-04c1-424b-9868-57a2d4851a1d" />
    <TestEntry testId="5d9f49d9-d0c2-e09c-9116-81b1d958c6ec" executionId="1b269a5e-e579-4698-9ea1-88aef89a473f" testListId="8c84fa94-04c1-424b-9868-57a2d4851a1d" />
    <TestEntry testId="b123ecf5-acc9-619a-fbbb-db58fb7afd15" executionId="056536b1-1f1a-4531-ba83-23c06aade2cf" testListId="8c84fa94-04c1-424b-9868-57a2d4851a1d" />
    <TestEntry testId="6714af25-6d11-dc87-ac24-02130ce22a08" executionId="d31c024f-58b2-4359-af8d-7bacc0f46ef1" testListId="8c84fa94-04c1-424b-9868-57a2d4851a1d" />
    <TestEntry testId="9f858860-16d0-b454-113b-96f4895220e2" executionId="fa15d3f1-5428-42d5-b7e0-88bcb1fbe5d0" testListId="8c84fa94-04c1-424b-9868-57a2d4851a1d" />
    <TestEntry testId="7f7ed003-5921-988c-9b84-1ea407c28558" executionId="120e7813-a67c-4841-93c4-d3472ad81dee" testListId="8c84fa94-04c1-424b-9868-57a2d4851a1d" />
    <TestEntry testId="72c5c126-7edb-b42f-f387-187ce611694c" executionId="5e08dfe7-283c-41fa-8c41-f338e3c56958" testListId="8c84fa94-04c1-424b-9868-57a2d4851a1d" />
    <TestEntry testId="ad9c6a35-13c7-f4bd-3235-a626c0a2145a" executionId="07132f9e-fb24-41d2-9adf-c4fdb683be11" testListId="8c84fa94-04c1-424b-9868-57a2d4851a1d" />
    <TestEntry testId="f7bf74db-1e8c-9652-bb9b-45669602bb8d" executionId="729eac6b-80fa-4c3a-9ed8-79597e2b1c8e" testListId="8c84fa94-04c1-424b-9868-57a2d4851a1d" />
    <TestEntry testId="4da64885-e7c7-4e2b-b8cc-bed69daa71c2" executionId="bdd31228-d9aa-4b99-8f0e-688bc056cb99" testListId="8c84fa94-04c1-424b-9868-57a2d4851a1d" />
    <TestEntry testId="5021ffda-23d9-da64-89dd-0a086606b3bd" executionId="61378030-bcf6-48e1-b92c-42eef028f3bf" testListId="8c84fa94-04c1-424b-9868-57a2d4851a1d" />
    <TestEntry testId="a43abaf0-df7e-6d8b-61bc-1a5bbb77b271" executionId="85e7f854-98ad-4ea1-9c8e-d44b57c3c2d1" testListId="8c84fa94-04c1-424b-9868-57a2d4851a1d" />
    <TestEntry testId="9dafcbe6-689c-c886-2080-810300e82c5e" executionId="c4c67776-1aec-452c-bc2b-56865aef64c2" testListId="8c84fa94-04c1-424b-9868-57a2d4851a1d" />
    <TestEntry testId="a4ce49fe-cb3d-b347-a01a-8593ce2df6f1" executionId="3e0e474c-0ac8-4402-bcfc-5665f3e71e05" testListId="8c84fa94-04c1-424b-9868-57a2d4851a1d" />
    <TestEntry testId="ac941c1e-fac6-ca56-b3a4-7ef0896e8c66" executionId="dfad4527-1cf5-4152-9847-63c20f0324fe" testListId="8c84fa94-04c1-424b-9868-57a2d4851a1d" />
    <TestEntry testId="b04c4a91-e6dd-6b14-22be-8ff6c9225d18" executionId="9b36dc3f-cfb9-4457-aee3-0d6f9e3f53f3" testListId="8c84fa94-04c1-424b-9868-57a2d4851a1d" />
    <TestEntry testId="9e7b3094-bb55-220b-b5b0-fd1cb3cacc40" executionId="375bcd32-8941-4796-aea1-1bd949333fc5" testListId="8c84fa94-04c1-424b-9868-57a2d4851a1d" />
    <TestEntry testId="dacfc1e6-6798-9495-0b79-ab7ae87d73d2" executionId="fbe923a2-fb70-41b5-8da9-4887a6fb2037" testListId="8c84fa94-04c1-424b-9868-57a2d4851a1d" />
    <TestEntry testId="c8a5f31d-c3e1-aa30-1540-85b9ba978588" executionId="8fe84594-8ea7-4402-b25f-114fa353174a" testListId="8c84fa94-04c1-424b-9868-57a2d4851a1d" />
  </TestEntries>
  <TestLists>
    <TestList name="Results Not in a List" id="8c84fa94-04c1-424b-9868-57a2d4851a1d" />
    <TestList name="All Loaded Results" id="19431567-8539-422a-85d7-44ee4e166bda" />
  </TestLists>
  <ResultSummary outcome="Completed">
    <Counters total="159" executed="145" passed="145" failed="0" error="0" timeout="0" aborted="0" inconclusive="0" passedButRunAborted="0" notRunnable="0" notExecuted="0" disconnected="0" warning="0" completed="0" inProgress="0" pending="0" />
    <Output>
      <StdOut>[xUnit.net 00:00:00.00] xUnit.net VSTest Adapter v2.8.2+699d445a1a (64-bit .NET 10.0.7)&#xD;
[xUnit.net 00:00:00.10]   Discovering: EcoBackend.Tests&#xD;
[xUnit.net 00:00:00.15]   Discovered:  EcoBackend.Tests&#xD;
[xUnit.net 00:00:00.15]   Starting:    EcoBackend.Tests&#xD;
info: EcoBackend.API.Services.NotificationService[0]&#xD;
      Firebase Admin SDK initialized successfully&#xD;
[xUnit.net 00:00:08.77]       Legacy /log/* alternative routes removed from ActivitiesController&#xD;
[xUnit.net 00:00:08.78]       Legacy /log/* alternative routes removed from ActivitiesController&#xD;
Test 'EcoBackend.Tests.Integration.ActivitiesEndpointTests.GetLogHistory_ShouldReturnGroupedActivities' was skipped in the test run.&#xD;
Test 'EcoBackend.Tests.Integration.ActivitiesEndpointTests.GetLogToday_ShouldReturnSameAsTodayActivities' was skipped in the test run.&#xD;
[xUnit.net 00:00:09.45]       Legacy /log/* alternative routes removed from ActivitiesController&#xD;
Test 'EcoBackend.Tests.Integration.ActivitiesEndpointTests.GetLogSummary_ShouldReturnSummary' was skipped in the test run.&#xD;
[xUnit.net 00:00:12.46]       NotificationsController has been removed; notification dispatch migrated into NotificationService&#xD;
[xUnit.net 00:00:12.46]       NotificationsController has been removed; notification dispatch migrated into NotificationService&#xD;
[xUnit.net 00:00:12.46]       NotificationsController has been removed; notification dispatch migrated into NotificationService&#xD;
[xUnit.net 00:00:12.46]       NotificationsController has been removed; notification dispatch migrated into NotificationService&#xD;
Test 'EcoBackend.Tests.Integration.NotificationsEndpointTests.MarkAsRead_ShouldReturn404_ForNonexistentNotification' was skipped in the test run.&#xD;
Test 'EcoBackend.Tests.Integration.NotificationsEndpointTests.DeactivateDeviceToken_ShouldReturn404_ForNonexistentToken' was skipped in the test run.&#xD;
Test 'EcoBackend.Tests.Integration.NotificationsEndpointTests.SendTestNotification_ShouldWork_InDevelopment' was skipped in the test run.&#xD;
Test 'EcoBackend.Tests.Integration.NotificationsEndpointTests.GetNotifications_ShouldReturn401_WhenNotAuthenticated' was skipped in the test run.&#xD;
[xUnit.net 00:00:12.46]       NotificationsController has been removed; notification dispatch migrated into NotificationService&#xD;
[xUnit.net 00:00:12.47]       NotificationsController has been removed; notification dispatch migrated into NotificationService&#xD;
[xUnit.net 00:00:12.47]       NotificationsController has been removed; notification dispatch migrated into NotificationService&#xD;
[xUnit.net 00:00:12.47]       NotificationsController has been removed; notification dispatch migrated into NotificationService&#xD;
[xUnit.net 00:00:12.47]       NotificationsController has been removed; notification dispatch migrated into NotificationService&#xD;
[xUnit.net 00:00:12.47]       NotificationsController has been removed; notification dispatch migrated into NotificationService&#xD;
[xUnit.net 00:00:12.47]       NotificationsController has been removed; notification dispatch migrated into NotificationService&#xD;
Test 'EcoBackend.Tests.Integration.NotificationsEndpointTests.RegisterAndDeactivateDeviceToken_ShouldWork' was skipped in the test run.&#xD;
Test 'EcoBackend.Tests.Integration.NotificationsEndpointTests.GetNotifications_WithDefaultPagination_ShouldWork' was skipped in the test run.&#xD;
Test 'EcoBackend.Tests.Integration.NotificationsEndpointTests.RegisterDeviceToken_ShouldReturn401_WhenNotAuthenticated' was skipped in the test run.&#xD;
Test 'EcoBackend.Tests.Integration.NotificationsEndpointTests.MarkAllAsRead_ShouldSucceed' was skipped in the test run.&#xD;
Test 'EcoBackend.Tests.Integration.NotificationsEndpointTests.RegisterDeviceToken_ShouldSucceed' was skipped in the test run.&#xD;
Test 'EcoBackend.Tests.Integration.NotificationsEndpointTests.GetNotifications_ShouldReturnPaginatedList' was skipped in the test run.&#xD;
Test 'EcoBackend.Tests.Integration.NotificationsEndpointTests.DeleteNotification_ShouldReturn404_ForNonexistent' was skipped in the test run.&#xD;
warn: EcoBackend.API.Services.EmailService[0]&#xD;
      Email credentials not configured. Skipping email send.&#xD;
[xUnit.net 00:00:22.62]   Finished:    EcoBackend.Tests&#xD;
</StdOut>
    </Output>
    <RunInfos>
      <RunInfo computerName="LAPTOP-NSFAM8KS" outcome="Warning" timestamp="2026-04-27T13:33:41.4827940+05:30">
        <Text>[xUnit.net 00:00:08.77]     EcoBackend.Tests.Integration.ActivitiesEndpointTests.GetLogHistory_ShouldReturnGroupedActivities [SKIP]</Text>
      </RunInfo>
      <RunInfo computerName="LAPTOP-NSFAM8KS" outcome="Warning" timestamp="2026-04-27T13:33:41.4851575+05:30">
        <Text>[xUnit.net 00:00:08.78]     EcoBackend.Tests.Integration.ActivitiesEndpointTests.GetLogToday_ShouldReturnSameAsTodayActivities [SKIP]</Text>
      </RunInfo>
      <RunInfo computerName="LAPTOP-NSFAM8KS" outcome="Warning" timestamp="2026-04-27T13:33:42.1619037+05:30">
        <Text>[xUnit.net 00:00:09.45]     EcoBackend.Tests.Integration.ActivitiesEndpointTests.GetLogSummary_ShouldReturnSummary [SKIP]</Text>
      </RunInfo>
      <RunInfo computerName="LAPTOP-NSFAM8KS" outcome="Warning" timestamp="2026-04-27T13:33:45.1717175+05:30">
        <Text>[xUnit.net 00:00:12.46]     EcoBackend.Tests.Integration.NotificationsEndpointTests.MarkAsRead_ShouldReturn404_ForNonexistentNotification [SKIP]</Text>
      </RunInfo>
      <RunInfo computerName="LAPTOP-NSFAM8KS" outcome="Warning" timestamp="2026-04-27T13:33:45.1721440+05:30">
        <Text>[xUnit.net 00:00:12.46]     EcoBackend.Tests.Integration.NotificationsEndpointTests.DeactivateDeviceToken_ShouldReturn404_ForNonexistentToken [SKIP]</Text>
      </RunInfo>
      <RunInfo computerName="LAPTOP-NSFAM8KS" outcome="Warning" timestamp="2026-04-27T13:33:45.1722896+05:30">
        <Text>[xUnit.net 00:00:12.46]     EcoBackend.Tests.Integration.NotificationsEndpointTests.SendTestNotification_ShouldWork_InDevelopment [SKIP]</Text>
      </RunInfo>
      <RunInfo computerName="LAPTOP-NSFAM8KS" outcome="Warning" timestamp="2026-04-27T13:33:45.1725288+05:30">
        <Text>[xUnit.net 00:00:12.46]     EcoBackend.Tests.Integration.NotificationsEndpointTests.GetNotifications_ShouldReturn401_WhenNotAuthenticated [SKIP]</Text>
      </RunInfo>
      <RunInfo computerName="LAPTOP-NSFAM8KS" outcome="Warning" timestamp="2026-04-27T13:33:45.1747073+05:30">
        <Text>[xUnit.net 00:00:12.46]     EcoBackend.Tests.Integration.NotificationsEndpointTests.RegisterAndDeactivateDeviceToken_ShouldWork [SKIP]</Text>
      </RunInfo>
      <RunInfo computerName="LAPTOP-NSFAM8KS" outcome="Warning" timestamp="2026-04-27T13:33:45.1747370+05:30">
        <Text>[xUnit.net 00:00:12.47]     EcoBackend.Tests.Integration.NotificationsEndpointTests.GetNotifications_WithDefaultPagination_ShouldWork [SKIP]</Text>
      </RunInfo>
      <RunInfo computerName="LAPTOP-NSFAM8KS" outcome="Warning" timestamp="2026-04-27T13:33:45.1747627+05:30">
        <Text>[xUnit.net 00:00:12.47]     EcoBackend.Tests.Integration.NotificationsEndpointTests.RegisterDeviceToken_ShouldReturn401_WhenNotAuthenticated [SKIP]</Text>
      </RunInfo>
      <RunInfo computerName="LAPTOP-NSFAM8KS" outcome="Warning" timestamp="2026-04-27T13:33:45.1747896+05:30">
        <Text>[xUnit.net 00:00:12.47]     EcoBackend.Tests.Integration.NotificationsEndpointTests.MarkAllAsRead_ShouldSucceed [SKIP]</Text>
      </RunInfo>
      <RunInfo computerName="LAPTOP-NSFAM8KS" outcome="Warning" timestamp="2026-04-27T13:33:45.1750362+05:30">
        <Text>[xUnit.net 00:00:12.47]     EcoBackend.Tests.Integration.NotificationsEndpointTests.RegisterDeviceToken_ShouldSucceed [SKIP]</Text>
      </RunInfo>
      <RunInfo computerName="LAPTOP-NSFAM8KS" outcome="Warning" timestamp="2026-04-27T13:33:45.1752869+05:30">
        <Text>[xUnit.net 00:00:12.47]     EcoBackend.Tests.Integration.NotificationsEndpointTests.GetNotifications_ShouldReturnPaginatedList [SKIP]</Text>
      </RunInfo>
      <RunInfo computerName="LAPTOP-NSFAM8KS" outcome="Warning" timestamp="2026-04-27T13:33:45.1755301+05:30">
        <Text>[xUnit.net 00:00:12.47]     EcoBackend.Tests.Integration.NotificationsEndpointTests.DeleteNotification_ShouldReturn404_ForNonexistent [SKIP]</Text>
      </RunInfo>
    </RunInfos>
  </ResultSummary>
</TestRun>