<?xml version="1.0" encoding="utf-8"?>
<TestRun id="77fb99c1-3423-4f73-bdf6-26eb375e32c2" name="Vedant@LAPTOP-NSFAM8KS 2026-04-27 12:51:35" runUser="LAPTOP-NSFAM8KS\Vedant" xmlns="http://microsoft.com/schemas/VisualStudio/TeamTest/2010">
  <Times creation="2026-04-27T12:51:35.9961880+05:30" queuing="2026-04-27T12:51:35.9961887+05:30" start="2026-04-27T12:49:33.1475803+05:30" finish="2026-04-27T13:12:47.9597169+05:30" />
  <TestSettings name="default" id="8f6135e0-f8c9-42cd-8536-99d5a8d7d1dd">
    <Deployment runDeploymentRoot="Vedant_LAPTOP-NSFAM8KS_2026-04-27_12_51_35" />
  </TestSettings>
  <Results>
    <UnitTestResult executionId="49ca344e-4602-424c-8c0f-1e4934159615" testId="4204347e-541b-db26-58a7-a38dbf7625af" testName="EcoBackend.Tests.Integration.AchievementsEndpointTests.UpdateMyChallenge_ShouldReturn404_ForNonexistent" computerName="LAPTOP-NSFAM8KS" duration="00:00:00.0773520" startTime="2026-04-27T12:53:29.3801084+05:30" endTime="2026-04-27T12:53:29.3801086+05:30" testType="13cdc9d9-ddb5-4fa4-a97d-d965ccfc6d4b" outcome="Passed" testListId="8c84fa94-04c1-424b-9868-57a2d4851a1d" relativeResultsDirectory="49ca344e-4602-424c-8c0f-1e4934159615" />
    <UnitTestResult executionId="1c407412-9084-461d-89c3-af5cb5e2081f" testId="c64f9aeb-0e95-90a9-7271-a50f42b565d8" testName="EcoBackend.Tests.Integration.AchievementsEndpointTests.GetChallenges_ShouldReturnList" computerName="LAPTOP-NSFAM8KS" duration="00:00:00.0212320" startTime="2026-04-27T13:11:01.5342875+05:30" endTime="2026-04-27T13:11:01.5342878+05:30" testType="13cdc9d9-ddb5-4fa4-a97d-d965ccfc6d4b" outcome="Passed" testListId="8c84fa94-04c1-424b-9868-57a2d4851a1d" relativeResultsDirectory="1c407412-9084-461d-89c3-af5cb5e2081f" />
    <UnitTestResult executionId="2ae52b67-8d1a-43a1-880c-bc65ea687a70" testId="9b00cebe-49a5-7ffd-3d3f-04da60aac637" testName="EcoBackend.Tests.Integration.AchievementsEndpointTests.GetCompletedChallenges_ShouldReturnList" computerName="LAPTOP-NSFAM8KS" duration="00:00:00.0339311" startTime="2026-04-27T13:05:41.4927598+05:30" endTime="2026-04-27T13:05:41.4927603+05:30" testType="13cdc9d9-ddb5-4fa4-a97d-d965ccfc6d4b" outcome="Passed" testListId="8c84fa94-04c1-424b-9868-57a2d4851a1d" relativeResultsDirectory="2ae52b67-8d1a-43a1-880c-bc65ea687a70" />
    <UnitTestResult executionId="e55960b4-77e6-4472-8bed-8a9ea43cca0f" testId="9f858860-16d0-b454-113b-96f4895220e2" testName="EcoBackend.Tests.Integration.AchievementsEndpointTests.GetChallengeById_ShouldReturn404_ForNonexistent" computerName="LAPTOP-NSFAM8KS" duration="00:00:00.0306178" startTime="2026-04-27T12:59:18.4286801+05:30" endTime="2026-04-27T12:59:18.4286805+05:30" testType="13cdc9d9-ddb5-4fa4-a97d-d965ccfc6d4b" outcome="Passed" testListId="8c84fa94-04c1-424b-9868-57a2d4851a1d" relativeResultsDirectory="e55960b4-77e6-4472-8bed-8a9ea43cca0f" />
    <UnitTestResult executionId="ceaf734c-4b7a-4da2-a124-6d05ab47468d" testId="d39c56fe-dae7-329c-0bd2-b6acfb272635" testName="EcoBackend.Tests.Integration.AchievementsEndpointTests.GetMyActiveChallenges_ShouldReturnList" computerName="LAPTOP-NSFAM8KS" duration="00:00:00.0396314" startTime="2026-04-27T12:55:30.8608470+05:30" endTime="2026-04-27T12:55:30.8608472+05:30" testType="13cdc9d9-ddb5-4fa4-a97d-d965ccfc6d4b" outcome="Passed" testListId="8c84fa94-04c1-424b-9868-57a2d4851a1d" relativeResultsDirectory="ceaf734c-4b7a-4da2-a124-6d05ab47468d" />
    <UnitTestResult executionId="63256728-ad10-4eed-8ca7-50bb5e9c392d" testId="1d76a381-5ab7-2441-6900-826d5e3f04c3" testName="EcoBackend.Tests.Integration.AchievementsEndpointTests.JoinChallenge_ShouldReturn404_ForNonexistent" computerName="LAPTOP-NSFAM8KS" duration="00:00:00.0318927" startTime="2026-04-27T13:08:50.7302469+05:30" endTime="2026-04-27T13:08:50.7302471+05:30" testType="13cdc9d9-ddb5-4fa4-a97d-d965ccfc6d4b" outcome="Passed" testListId="8c84fa94-04c1-424b-9868-57a2d4851a1d" relativeResultsDirectory="63256728-ad10-4eed-8ca7-50bb5e9c392d" />
    <UnitTestResult executionId="5abd5b30-3b51-4122-983a-7337f4915a72" testId="c761b707-8077-2b0a-8246-5fe5c094cae4" testName="EcoBackend.Tests.Integration.AchievementsEndpointTests.GetMyBadgeById_ShouldReturn404_ForNonexistent" computerName="LAPTOP-NSFAM8KS" duration="00:00:00.0275522" startTime="2026-04-27T13:01:07.7312554+05:30" endTime="2026-04-27T13:01:07.7312555+05:30" testType="13cdc9d9-ddb5-4fa4-a97d-d965ccfc6d4b" outcome="Passed" testListId="8c84fa94-04c1-424b-9868-57a2d4851a1d" relativeResultsDirectory="5abd5b30-3b51-4122-983a-7337f4915a72" />
    <UnitTestResult executionId="153da19b-a8fc-4e56-9642-d277922e29b4" testId="70fbebd3-b5ba-26b5-4374-a00857710765" testName="EcoBackend.Tests.Integration.AchievementsEndpointTests.GetMyChallenges_ShouldReturn401_WhenNotAuthenticated" computerName="LAPTOP-NSFAM8KS" duration="00:00:00.0170339" startTime="2026-04-27T12:51:35.9721499+05:30" endTime="2026-04-27T12:51:35.9721727+05:30" testType="13cdc9d9-ddb5-4fa4-a97d-d965ccfc6d4b" outcome="Passed" testListId="8c84fa94-04c1-424b-9868-57a2d4851a1d" relativeResultsDirectory="153da19b-a8fc-4e56-9642-d277922e29b4" />
    <UnitTestResult executionId="660d1d1a-abdd-4c5b-9100-055b9726ee6f" testId="0cd1c1a5-804b-3c9c-cabe-0f8e6dc34e23" testName="EcoBackend.Tests.Integration.AchievementsEndpointTests.GetMyChallengeById_ShouldReturn404_ForNonexistent" computerName="LAPTOP-NSFAM8KS" duration="00:00:00.0117766" startTime="2026-04-27T12:57:27.8172046+05:30" endTime="2026-04-27T12:57:27.8172050+05:30" testType="13cdc9d9-ddb5-4fa4-a97d-d965ccfc6d4b" outcome="Passed" testListId="8c84fa94-04c1-424b-9868-57a2d4851a1d" relativeResultsDirectory="660d1d1a-abdd-4c5b-9100-055b9726ee6f" />
    <UnitTestResult executionId="521a93fa-d44e-4c89-a2de-4a5d2bdb95f6" testId="3c9e93fd-bccb-5cde-4167-a81902d55f6e" testName="EcoBackend.Tests.Integration.AchievementsEndpointTests.GetBadgeById_ShouldReturn404_ForNonexistent" computerName="LAPTOP-NSFAM8KS" duration="00:00:00.0183645" startTime="2026-04-27T13:02:54.4040401+05:30" endTime="2026-04-27T13:02:54.4040402+05:30" testType="13cdc9d9-ddb5-4fa4-a97d-d965ccfc6d4b" outcome="Passed" testListId="8c84fa94-04c1-424b-9868-57a2d4851a1d" relativeResultsDirectory="521a93fa-d44e-4c89-a2de-4a5d2bdb95f6" />
  </Results>
  <TestDefinitions>
    <UnitTest name="EcoBackend.Tests.Integration.AchievementsEndpointTests.GetBadgeById_ShouldReturn404_ForNonexistent" storage="d:\projects\dotnet\eco buddy\backend\ecobackend.tests\bin\debug\net10.0\ecobackend.tests.dll" id="3c9e93fd-bccb-5cde-4167-a81902d55f6e">
      <Execution id="521a93fa-d44e-4c89-a2de-4a5d2bdb95f6" />
      <TestMethod codeBase="D:\Projects\DOTNET\Eco Buddy\Backend\EcoBackend.Tests\bin\Debug\net10.0\EcoBackend.Tests.dll" adapterTypeName="executor://xunit/VsTestRunner2/netcoreapp" className="EcoBackend.Tests.Integration.AchievementsEndpointTests" name="GetBadgeById_ShouldReturn404_ForNonexistent" />
    </UnitTest>
    <UnitTest name="EcoBackend.Tests.Integration.AchievementsEndpointTests.GetCompletedChallenges_ShouldReturnList" storage="d:\projects\dotnet\eco buddy\backend\ecobackend.tests\bin\debug\net10.0\ecobackend.tests.dll" id="9b00cebe-49a5-7ffd-3d3f-04da60aac637">
      <Execution id="2ae52b67-8d1a-43a1-880c-bc65ea687a70" />
      <TestMethod codeBase="D:\Projects\DOTNET\Eco Buddy\Backend\EcoBackend.Tests\bin\Debug\net10.0\EcoBackend.Tests.dll" adapterTypeName="executor://xunit/VsTestRunner2/netcoreapp" className="EcoBackend.Tests.Integration.AchievementsEndpointTests" name="GetCompletedChallenges_ShouldReturnList" />
    </UnitTest>
    <UnitTest name="EcoBackend.Tests.Integration.AchievementsEndpointTests.GetMyChallengeById_ShouldReturn404_ForNonexistent" storage="d:\projects\dotnet\eco buddy\backend\ecobackend.tests\bin\debug\net10.0\ecobackend.tests.dll" id="0cd1c1a5-804b-3c9c-cabe-0f8e6dc34e23">
      <Execution id="660d1d1a-abdd-4c5b-9100-055b9726ee6f" />
      <TestMethod codeBase="D:\Projects\DOTNET\Eco Buddy\Backend\EcoBackend.Tests\bin\Debug\net10.0\EcoBackend.Tests.dll" adapterTypeName="executor://xunit/VsTestRunner2/netcoreapp" className="EcoBackend.Tests.Integration.AchievementsEndpointTests" name="GetMyChallengeById_ShouldReturn404_ForNonexistent" />
    </UnitTest>
    <UnitTest name="EcoBackend.Tests.Integration.AchievementsEndpointTests.GetChallengeById_ShouldReturn404_ForNonexistent" storage="d:\projects\dotnet\eco buddy\backend\ecobackend.tests\bin\debug\net10.0\ecobackend.tests.dll" id="9f858860-16d0-b454-113b-96f4895220e2">
      <Execution id="e55960b4-77e6-4472-8bed-8a9ea43cca0f" />
      <TestMethod codeBase="D:\Projects\DOTNET\Eco Buddy\Backend\EcoBackend.Tests\bin\Debug\net10.0\EcoBackend.Tests.dll" adapterTypeName="executor://xunit/VsTestRunner2/netcoreapp" className="EcoBackend.Tests.Integration.AchievementsEndpointTests" name="GetChallengeById_ShouldReturn404_ForNonexistent" />
    </UnitTest>
    <UnitTest name="EcoBackend.Tests.Integration.AchievementsEndpointTests.UpdateMyChallenge_ShouldReturn404_ForNonexistent" storage="d:\projects\dotnet\eco buddy\backend\ecobackend.tests\bin\debug\net10.0\ecobackend.tests.dll" id="4204347e-541b-db26-58a7-a38dbf7625af">
      <Execution id="49ca344e-4602-424c-8c0f-1e4934159615" />
      <TestMethod codeBase="D:\Projects\DOTNET\Eco Buddy\Backend\EcoBackend.Tests\bin\Debug\net10.0\EcoBackend.Tests.dll" adapterTypeName="executor://xunit/VsTestRunner2/netcoreapp" className="EcoBackend.Tests.Integration.AchievementsEndpointTests" name="UpdateMyChallenge_ShouldReturn404_ForNonexistent" />
    </UnitTest>
    <UnitTest name="EcoBackend.Tests.Integration.AchievementsEndpointTests.GetMyBadgeById_ShouldReturn404_ForNonexistent" storage="d:\projects\dotnet\eco buddy\backend\ecobackend.tests\bin\debug\net10.0\ecobackend.tests.dll" id="c761b707-8077-2b0a-8246-5fe5c094cae4">
      <Execution id="5abd5b30-3b51-4122-983a-7337f4915a72" />
      <TestMethod codeBase="D:\Projects\DOTNET\Eco Buddy\Backend\EcoBackend.Tests\bin\Debug\net10.0\EcoBackend.Tests.dll" adapterTypeName="executor://xunit/VsTestRunner2/netcoreapp" className="EcoBackend.Tests.Integration.AchievementsEndpointTests" name="GetMyBadgeById_ShouldReturn404_ForNonexistent" />
    </UnitTest>
    <UnitTest name="EcoBackend.Tests.Integration.AchievementsEndpointTests.GetMyChallenges_ShouldReturn401_WhenNotAuthenticated" storage="d:\projects\dotnet\eco buddy\backend\ecobackend.tests\bin\debug\net10.0\ecobackend.tests.dll" id="70fbebd3-b5ba-26b5-4374-a00857710765">
      <Execution id="153da19b-a8fc-4e56-9642-d277922e29b4" />
      <TestMethod codeBase="D:\Projects\DOTNET\Eco Buddy\Backend\EcoBackend.Tests\bin\Debug\net10.0\EcoBackend.Tests.dll" adapterTypeName="executor://xunit/VsTestRunner2/netcoreapp" className="EcoBackend.Tests.Integration.AchievementsEndpointTests" name="GetMyChallenges_ShouldReturn401_WhenNotAuthenticated" />
    </UnitTest>
    <UnitTest name="EcoBackend.Tests.Integration.AchievementsEndpointTests.GetChallenges_ShouldReturnList" storage="d:\projects\dotnet\eco buddy\backend\ecobackend.tests\bin\debug\net10.0\ecobackend.tests.dll" id="c64f9aeb-0e95-90a9-7271-a50f42b565d8">
      <Execution id="1c407412-9084-461d-89c3-af5cb5e2081f" />
      <TestMethod codeBase="D:\Projects\DOTNET\Eco Buddy\Backend\EcoBackend.Tests\bin\Debug\net10.0\EcoBackend.Tests.dll" adapterTypeName="executor://xunit/VsTestRunner2/netcoreapp" className="EcoBackend.Tests.Integration.AchievementsEndpointTests" name="GetChallenges_ShouldReturnList" />
    </UnitTest>
    <UnitTest name="EcoBackend.Tests.Integration.AchievementsEndpointTests.JoinChallenge_ShouldReturn404_ForNonexistent" storage="d:\projects\dotnet\eco buddy\backend\ecobackend.tests\bin\debug\net10.0\ecobackend.tests.dll" id="1d76a381-5ab7-2441-6900-826d5e3f04c3">
      <Execution id="63256728-ad10-4eed-8ca7-50bb5e9c392d" />
      <TestMethod codeBase="D:\Projects\DOTNET\Eco Buddy\Backend\EcoBackend.Tests\bin\Debug\net10.0\EcoBackend.Tests.dll" adapterTypeName="executor://xunit/VsTestRunner2/netcoreapp" className="EcoBackend.Tests.Integration.AchievementsEndpointTests" name="JoinChallenge_ShouldReturn404_ForNonexistent" />
    </UnitTest>
    <UnitTest name="EcoBackend.Tests.Integration.AchievementsEndpointTests.GetMyActiveChallenges_ShouldReturnList" storage="d:\projects\dotnet\eco buddy\backend\ecobackend.tests\bin\debug\net10.0\ecobackend.tests.dll" id="d39c56fe-dae7-329c-0bd2-b6acfb272635">
      <Execution id="ceaf734c-4b7a-4da2-a124-6d05ab47468d" />
      <TestMethod codeBase="D:\Projects\DOTNET\Eco Buddy\Backend\EcoBackend.Tests\bin\Debug\net10.0\EcoBackend.Tests.dll" adapterTypeName="executor://xunit/VsTestRunner2/netcoreapp" className="EcoBackend.Tests.Integration.AchievementsEndpointTests" name="GetMyActiveChallenges_ShouldReturnList" />
    </UnitTest>
  </TestDefinitions>
  <TestEntries>
    <TestEntry testId="4204347e-541b-db26-58a7-a38dbf7625af" executionId="49ca344e-4602-424c-8c0f-1e4934159615" testListId="8c84fa94-04c1-424b-9868-57a2d4851a1d" />
    <TestEntry testId="c64f9aeb-0e95-90a9-7271-a50f42b565d8" executionId="1c407412-9084-461d-89c3-af5cb5e2081f" testListId="8c84fa94-04c1-424b-9868-57a2d4851a1d" />
    <TestEntry testId="9b00cebe-49a5-7ffd-3d3f-04da60aac637" executionId="2ae52b67-8d1a-43a1-880c-bc65ea687a70" testListId="8c84fa94-04c1-424b-9868-57a2d4851a1d" />
    <TestEntry testId="9f858860-16d0-b454-113b-96f4895220e2" executionId="e55960b4-77e6-4472-8bed-8a9ea43cca0f" testListId="8c84fa94-04c1-424b-9868-57a2d4851a1d" />
    <TestEntry testId="d39c56fe-dae7-329c-0bd2-b6acfb272635" executionId="ceaf734c-4b7a-4da2-a124-6d05ab47468d" testListId="8c84fa94-04c1-424b-9868-57a2d4851a1d" />
    <TestEntry testId="1d76a381-5ab7-2441-6900-826d5e3f04c3" executionId="63256728-ad10-4eed-8ca7-50bb5e9c392d" testListId="8c84fa94-04c1-424b-9868-57a2d4851a1d" />
    <TestEntry testId="c761b707-8077-2b0a-8246-5fe5c094cae4" executionId="5abd5b30-3b51-4122-983a-7337f4915a72" testListId="8c84fa94-04c1-424b-9868-57a2d4851a1d" />
    <TestEntry testId="70fbebd3-b5ba-26b5-4374-a00857710765" executionId="153da19b-a8fc-4e56-9642-d277922e29b4" testListId="8c84fa94-04c1-424b-9868-57a2d4851a1d" />
    <TestEntry testId="0cd1c1a5-804b-3c9c-cabe-0f8e6dc34e23" executionId="660d1d1a-abdd-4c5b-9100-055b9726ee6f" testListId="8c84fa94-04c1-424b-9868-57a2d4851a1d" />
    <TestEntry testId="3c9e93fd-bccb-5cde-4167-a81902d55f6e" executionId="521a93fa-d44e-4c89-a2de-4a5d2bdb95f6" testListId="8c84fa94-04c1-424b-9868-57a2d4851a1d" />
  </TestEntries>
  <TestLists>
    <TestList name="Results Not in a List" id="8c84fa94-04c1-424b-9868-57a2d4851a1d" />
    <TestList name="All Loaded Results" id="19431567-8539-422a-85d7-44ee4e166bda" />
  </TestLists>
  <ResultSummary outcome="Failed">
    <Counters total="10" executed="10" passed="10" failed="0" error="0" timeout="0" aborted="0" inconclusive="0" passedButRunAborted="0" notRunnable="0" notExecuted="0" disconnected="0" warning="0" completed="0" inProgress="0" pending="0" />
    <Output>
      <StdOut>[xUnit.net 00:00:00.00] xUnit.net VSTest Adapter v2.8.2+699d445a1a (64-bit .NET 10.0.7)&#xD;
[xUnit.net 00:00:00.08]   Discovering: EcoBackend.Tests&#xD;
[xUnit.net 00:00:00.14]   Discovered:  EcoBackend.Tests&#xD;
[xUnit.net 00:00:00.14]   Starting:    EcoBackend.Tests&#xD;
warn: EcoBackend.API.Services.LlamaModelService[0]&#xD;
      EcoBot model unavailable: Model file not found: models/ecobot-3b-q5_k_m.gguf&#xD;
info: EcoBackend.API.Services.EcoScorePredictorService[0]&#xD;
      ONNX eco-score model loaded (82 features)&#xD;
info: Hangfire.BackgroundJobServer[0]&#xD;
      Starting Hangfire Server using job storage: 'Hangfire.MemoryStorage.MemoryStorage'&#xD;
info: Hangfire.BackgroundJobServer[0]&#xD;
      Using the following options for Hangfire Server:&#xD;
          Worker count: 20&#xD;
          Listening queues: 'default'&#xD;
          Shutdown timeout: 00:00:15&#xD;
          Schedule polling interval: 00:00:15&#xD;
info: Hangfire.Server.BackgroundServerProcess[0]&#xD;
      Server laptop-nsfam8ks:2936:ec4ca60c successfully announced in 4.6246 ms&#xD;
info: Hangfire.Server.BackgroundServerProcess[0]&#xD;
      Server laptop-nsfam8ks:2936:ec4ca60c is starting the registered dispatchers: ServerWatchdog, ServerJobCancellationWatcher, ExpirationManager, CountersAggregator, Worker, DelayedJobScheduler, RecurringJobScheduler...&#xD;
info: Hangfire.Server.BackgroundServerProcess[0]&#xD;
      Server laptop-nsfam8ks:2936:ec4ca60c all the dispatchers started&#xD;
info: EcoBackend.API.Services.NotificationService[0]&#xD;
      Firebase Admin SDK initialized successfully&#xD;
info: Hangfire.Server.BackgroundServerProcess[0]&#xD;
      Server laptop-nsfam8ks:2936:ec4ca60c caught stopping signal...&#xD;
info: Hangfire.Server.BackgroundServerProcess[0]&#xD;
      Server laptop-nsfam8ks:2936:ec4ca60c All dispatchers stopped&#xD;
info: Hangfire.Server.BackgroundServerProcess[0]&#xD;
      Server laptop-nsfam8ks:2936:ec4ca60c successfully reported itself as stopped in 0.3512 ms&#xD;
info: Hangfire.Server.BackgroundServerProcess[0]&#xD;
      Server laptop-nsfam8ks:2936:ec4ca60c has been stopped in total 2.5126 ms&#xD;
warn: EcoBackend.API.Services.LlamaModelService[0]&#xD;
      EcoBot model unavailable: Model file not found: models/ecobot-3b-q5_k_m.gguf&#xD;
info: EcoBackend.API.Services.EcoScorePredictorService[0]&#xD;
      ONNX eco-score model loaded (82 features)&#xD;
info: Hangfire.BackgroundJobServer[0]&#xD;
      Starting Hangfire Server using job storage: 'Hangfire.MemoryStorage.MemoryStorage'&#xD;
info: Hangfire.BackgroundJobServer[0]&#xD;
      Using the following options for Hangfire Server:&#xD;
          Worker count: 20&#xD;
          Listening queues: 'default'&#xD;
          Shutdown timeout: 00:00:15&#xD;
          Schedule polling interval: 00:00:15&#xD;
info: Hangfire.Server.BackgroundServerProcess[0]&#xD;
      Server laptop-nsfam8ks:2936:d7252820 successfully announced in 0.1081 ms&#xD;
info: Hangfire.Server.BackgroundServerProcess[0]&#xD;
      Server laptop-nsfam8ks:2936:d7252820 is starting the registered dispatchers: ServerWatchdog, ServerJobCancellationWatcher, ExpirationManager, CountersAggregator, Worker, DelayedJobScheduler, RecurringJobScheduler...&#xD;
info: Hangfire.Server.BackgroundServerProcess[0]&#xD;
      Server laptop-nsfam8ks:2936:d7252820 all the dispatchers started&#xD;
info: Hangfire.Server.BackgroundServerProcess[0]&#xD;
      Server laptop-nsfam8ks:2936:d7252820 caught stopping signal...&#xD;
info: Hangfire.Server.BackgroundServerProcess[0]&#xD;
      Server laptop-nsfam8ks:2936:d7252820 All dispatchers stopped&#xD;
info: Hangfire.Server.BackgroundServerProcess[0]&#xD;
      Server laptop-nsfam8ks:2936:d7252820 successfully reported itself as stopped in 0.0475 ms&#xD;
info: Hangfire.Server.BackgroundServerProcess[0]&#xD;
      Server laptop-nsfam8ks:2936:d7252820 has been stopped in total 0.4633 ms&#xD;
warn: EcoBackend.API.Services.LlamaModelService[0]&#xD;
      EcoBot model unavailable: Model file not found: models/ecobot-3b-q5_k_m.gguf&#xD;
info: EcoBackend.API.Services.EcoScorePredictorService[0]&#xD;
      ONNX eco-score model loaded (82 features)&#xD;
info: Hangfire.BackgroundJobServer[0]&#xD;
      Starting Hangfire Server using job storage: 'Hangfire.MemoryStorage.MemoryStorage'&#xD;
info: Hangfire.BackgroundJobServer[0]&#xD;
      Using the following options for Hangfire Server:&#xD;
          Worker count: 20&#xD;
          Listening queues: 'default'&#xD;
          Shutdown timeout: 00:00:15&#xD;
          Schedule polling interval: 00:00:15&#xD;
info: Hangfire.Server.BackgroundServerProcess[0]&#xD;
      Server laptop-nsfam8ks:2936:d666c949 successfully announced in 0.1355 ms&#xD;
info: Hangfire.Server.BackgroundServerProcess[0]&#xD;
      Server laptop-nsfam8ks:2936:d666c949 is starting the registered dispatchers: ServerWatchdog, ServerJobCancellationWatcher, ExpirationManager, CountersAggregator, Worker, DelayedJobScheduler, RecurringJobScheduler...&#xD;
info: Hangfire.Server.BackgroundServerProcess[0]&#xD;
      Server laptop-nsfam8ks:2936:d666c949 all the dispatchers started&#xD;
info: Hangfire.Server.BackgroundServerProcess[0]&#xD;
      Server laptop-nsfam8ks:2936:d666c949 caught stopping signal...&#xD;
info: Hangfire.Server.BackgroundServerProcess[0]&#xD;
      Server laptop-nsfam8ks:2936:d666c949 All dispatchers stopped&#xD;
info: Hangfire.Server.BackgroundServerProcess[0]&#xD;
      Server laptop-nsfam8ks:2936:d666c949 successfully reported itself as stopped in 0.0205 ms&#xD;
info: Hangfire.Server.BackgroundServerProcess[0]&#xD;
      Server laptop-nsfam8ks:2936:d666c949 has been stopped in total 0.4117 ms&#xD;
warn: EcoBackend.API.Services.LlamaModelService[0]&#xD;
      EcoBot model unavailable: Model file not found: models/ecobot-3b-q5_k_m.gguf&#xD;
info: EcoBackend.API.Services.EcoScorePredictorService[0]&#xD;
      ONNX eco-score model loaded (82 features)&#xD;
info: Hangfire.BackgroundJobServer[0]&#xD;
      Starting Hangfire Server using job storage: 'Hangfire.MemoryStorage.MemoryStorage'&#xD;
info: Hangfire.BackgroundJobServer[0]&#xD;
      Using the following options for Hangfire Server:&#xD;
          Worker count: 20&#xD;
          Listening queues: 'default'&#xD;
          Shutdown timeout: 00:00:15&#xD;
          Schedule polling interval: 00:00:15&#xD;
info: Hangfire.Server.BackgroundServerProcess[0]&#xD;
      Server laptop-nsfam8ks:2936:b02531b6 successfully announced in 0.0945 ms&#xD;
info: Hangfire.Server.BackgroundServerProcess[0]&#xD;
      Server laptop-nsfam8ks:2936:b02531b6 is starting the registered dispatchers: ServerWatchdog, ServerJobCancellationWatcher, ExpirationManager, CountersAggregator, Worker, DelayedJobScheduler, RecurringJobScheduler...&#xD;
info: Hangfire.Server.BackgroundServerProcess[0]&#xD;
      Server laptop-nsfam8ks:2936:b02531b6 all the dispatchers started&#xD;
info: Hangfire.Server.BackgroundServerProcess[0]&#xD;
      Server laptop-nsfam8ks:2936:b02531b6 caught stopping signal...&#xD;
info: Hangfire.Server.BackgroundServerProcess[0]&#xD;
      Server laptop-nsfam8ks:2936:b02531b6 All dispatchers stopped&#xD;
info: Hangfire.Server.BackgroundServerProcess[0]&#xD;
      Server laptop-nsfam8ks:2936:b02531b6 successfully reported itself as stopped in 0.0037 ms&#xD;
info: Hangfire.Server.BackgroundServerProcess[0]&#xD;
      Server laptop-nsfam8ks:2936:b02531b6 has been stopped in total 0.7251 ms&#xD;
warn: EcoBackend.API.Services.LlamaModelService[0]&#xD;
      EcoBot model unavailable: Model file not found: models/ecobot-3b-q5_k_m.gguf&#xD;
info: EcoBackend.API.Services.EcoScorePredictorService[0]&#xD;
      ONNX eco-score model loaded (82 features)&#xD;
info: Hangfire.BackgroundJobServer[0]&#xD;
      Starting Hangfire Server using job storage: 'Hangfire.MemoryStorage.MemoryStorage'&#xD;
info: Hangfire.BackgroundJobServer[0]&#xD;
      Using the following options for Hangfire Server:&#xD;
          Worker count: 20&#xD;
          Listening queues: 'default'&#xD;
          Shutdown timeout: 00:00:15&#xD;
          Schedule polling interval: 00:00:15&#xD;
info: Hangfire.Server.BackgroundServerProcess[0]&#xD;
      Server laptop-nsfam8ks:2936:d9ec9ea5 successfully announced in 0.0667 ms&#xD;
info: Hangfire.Server.BackgroundServerProcess[0]&#xD;
      Server laptop-nsfam8ks:2936:d9ec9ea5 is starting the registered dispatchers: ServerWatchdog, ServerJobCancellationWatcher, ExpirationManager, CountersAggregator, Worker, DelayedJobScheduler, RecurringJobScheduler...&#xD;
info: Hangfire.Server.BackgroundServerProcess[0]&#xD;
      Server laptop-nsfam8ks:2936:d9ec9ea5 all the dispatchers started&#xD;
info: Hangfire.Server.BackgroundServerProcess[0]&#xD;
      Server laptop-nsfam8ks:2936:d9ec9ea5 caught stopping signal...&#xD;
info: Hangfire.Server.BackgroundServerProcess[0]&#xD;
      Server laptop-nsfam8ks:2936:d9ec9ea5 All dispatchers stopped&#xD;
info: Hangfire.Server.BackgroundServerProcess[0]&#xD;
      Server laptop-nsfam8ks:2936:d9ec9ea5 successfully reported itself as stopped in 0.0053 ms&#xD;
info: Hangfire.Server.BackgroundServerProcess[0]&#xD;
      Server laptop-nsfam8ks:2936:d9ec9ea5 has been stopped in total 0.2231 ms&#xD;
warn: EcoBackend.API.Services.LlamaModelService[0]&#xD;
      EcoBot model unavailable: Model file not found: models/ecobot-3b-q5_k_m.gguf&#xD;
info: EcoBackend.API.Services.EcoScorePredictorService[0]&#xD;
      ONNX eco-score model loaded (82 features)&#xD;
info: Hangfire.BackgroundJobServer[0]&#xD;
      Starting Hangfire Server using job storage: 'Hangfire.MemoryStorage.MemoryStorage'&#xD;
info: Hangfire.BackgroundJobServer[0]&#xD;
      Using the following options for Hangfire Server:&#xD;
          Worker count: 20&#xD;
          Listening queues: 'default'&#xD;
          Shutdown timeout: 00:00:15&#xD;
          Schedule polling interval: 00:00:15&#xD;
info: Hangfire.Server.BackgroundServerProcess[0]&#xD;
      Server laptop-nsfam8ks:2936:9e911075 successfully announced in 0.0795 ms&#xD;
info: Hangfire.Server.BackgroundServerProcess[0]&#xD;
      Server laptop-nsfam8ks:2936:9e911075 is starting the registered dispatchers: ServerWatchdog, ServerJobCancellationWatcher, ExpirationManager, CountersAggregator, Worker, DelayedJobScheduler, RecurringJobScheduler...&#xD;
info: Hangfire.Server.BackgroundServerProcess[0]&#xD;
      Server laptop-nsfam8ks:2936:9e911075 all the dispatchers started&#xD;
info: Hangfire.Server.BackgroundServerProcess[0]&#xD;
      Server laptop-nsfam8ks:2936:9e911075 caught stopping signal...&#xD;
info: Hangfire.Server.BackgroundServerProcess[0]&#xD;
      Server laptop-nsfam8ks:2936:9e911075 All dispatchers stopped&#xD;
info: Hangfire.Server.BackgroundServerProcess[0]&#xD;
      Server laptop-nsfam8ks:2936:9e911075 successfully reported itself as stopped in 0.0057 ms&#xD;
info: Hangfire.Server.BackgroundServerProcess[0]&#xD;
      Server laptop-nsfam8ks:2936:9e911075 has been stopped in total 0.5557 ms&#xD;
warn: EcoBackend.API.Services.LlamaModelService[0]&#xD;
      EcoBot model unavailable: Model file not found: models/ecobot-3b-q5_k_m.gguf&#xD;
info: EcoBackend.API.Services.EcoScorePredictorService[0]&#xD;
      ONNX eco-score model loaded (82 features)&#xD;
info: Hangfire.BackgroundJobServer[0]&#xD;
      Starting Hangfire Server using job storage: 'Hangfire.MemoryStorage.MemoryStorage'&#xD;
info: Hangfire.BackgroundJobServer[0]&#xD;
      Using the following options for Hangfire Server:&#xD;
          Worker count: 20&#xD;
          Listening queues: 'default'&#xD;
          Shutdown timeout: 00:00:15&#xD;
          Schedule polling interval: 00:00:15&#xD;
info: Hangfire.Server.BackgroundServerProcess[0]&#xD;
      Server laptop-nsfam8ks:2936:cd49cec1 successfully announced in 0.0363 ms&#xD;
info: Hangfire.Server.BackgroundServerProcess[0]&#xD;
      Server laptop-nsfam8ks:2936:cd49cec1 is starting the registered dispatchers: ServerWatchdog, ServerJobCancellationWatcher, ExpirationManager, CountersAggregator, Worker, DelayedJobScheduler, RecurringJobScheduler...&#xD;
info: Hangfire.Server.BackgroundServerProcess[0]&#xD;
      Server laptop-nsfam8ks:2936:cd49cec1 all the dispatchers started&#xD;
info: Hangfire.Server.BackgroundServerProcess[0]&#xD;
      Server laptop-nsfam8ks:2936:cd49cec1 caught stopping signal...&#xD;
info: Hangfire.Server.BackgroundServerProcess[0]&#xD;
      Server laptop-nsfam8ks:2936:cd49cec1 All dispatchers stopped&#xD;
info: Hangfire.Server.BackgroundServerProcess[0]&#xD;
      Server laptop-nsfam8ks:2936:cd49cec1 successfully reported itself as stopped in 0.0604 ms&#xD;
info: Hangfire.Server.BackgroundServerProcess[0]&#xD;
      Server laptop-nsfam8ks:2936:cd49cec1 has been stopped in total 0.3012 ms&#xD;
warn: EcoBackend.API.Services.LlamaModelService[0]&#xD;
      EcoBot model unavailable: Model file not found: models/ecobot-3b-q5_k_m.gguf&#xD;
info: EcoBackend.API.Services.EcoScorePredictorService[0]&#xD;
      ONNX eco-score model loaded (82 features)&#xD;
info: Hangfire.BackgroundJobServer[0]&#xD;
      Starting Hangfire Server using job storage: 'Hangfire.MemoryStorage.MemoryStorage'&#xD;
info: Hangfire.BackgroundJobServer[0]&#xD;
      Using the following options for Hangfire Server:&#xD;
          Worker count: 20&#xD;
          Listening queues: 'default'&#xD;
          Shutdown timeout: 00:00:15&#xD;
          Schedule polling interval: 00:00:15&#xD;
info: Hangfire.Server.BackgroundServerProcess[0]&#xD;
      Server laptop-nsfam8ks:2936:d0d14206 successfully announced in 0.0545 ms&#xD;
info: Hangfire.Server.BackgroundServerProcess[0]&#xD;
      Server laptop-nsfam8ks:2936:d0d14206 is starting the registered dispatchers: ServerWatchdog, ServerJobCancellationWatcher, ExpirationManager, CountersAggregator, Worker, DelayedJobScheduler, RecurringJobScheduler...&#xD;
info: Hangfire.Server.BackgroundServerProcess[0]&#xD;
      Server laptop-nsfam8ks:2936:d0d14206 all the dispatchers started&#xD;
info: Hangfire.Server.BackgroundServerProcess[0]&#xD;
      Server laptop-nsfam8ks:2936:d0d14206 caught stopping signal...&#xD;
info: Hangfire.Server.BackgroundServerProcess[0]&#xD;
      Server laptop-nsfam8ks:2936:d0d14206 All dispatchers stopped&#xD;
info: Hangfire.Server.BackgroundServerProcess[0]&#xD;
      Server laptop-nsfam8ks:2936:d0d14206 successfully reported itself as stopped in 0.0066 ms&#xD;
info: Hangfire.Server.BackgroundServerProcess[0]&#xD;
      Server laptop-nsfam8ks:2936:d0d14206 has been stopped in total 0.4767 ms&#xD;
warn: EcoBackend.API.Services.LlamaModelService[0]&#xD;
      EcoBot model unavailable: Model file not found: models/ecobot-3b-q5_k_m.gguf&#xD;
info: EcoBackend.API.Services.EcoScorePredictorService[0]&#xD;
      ONNX eco-score model loaded (82 features)&#xD;
info: Hangfire.BackgroundJobServer[0]&#xD;
      Starting Hangfire Server using job storage: 'Hangfire.MemoryStorage.MemoryStorage'&#xD;
info: Hangfire.BackgroundJobServer[0]&#xD;
      Using the following options for Hangfire Server:&#xD;
          Worker count: 20&#xD;
          Listening queues: 'default'&#xD;
          Shutdown timeout: 00:00:15&#xD;
          Schedule polling interval: 00:00:15&#xD;
info: Hangfire.Server.BackgroundServerProcess[0]&#xD;
      Server laptop-nsfam8ks:2936:632de0e2 successfully announced in 0.1113 ms&#xD;
info: Hangfire.Server.BackgroundServerProcess[0]&#xD;
      Server laptop-nsfam8ks:2936:632de0e2 is starting the registered dispatchers: ServerWatchdog, ServerJobCancellationWatcher, ExpirationManager, CountersAggregator, Worker, DelayedJobScheduler, RecurringJobScheduler...&#xD;
info: Hangfire.Server.BackgroundServerProcess[0]&#xD;
      Server laptop-nsfam8ks:2936:632de0e2 all the dispatchers started&#xD;
info: Hangfire.Server.BackgroundServerProcess[0]&#xD;
      Server laptop-nsfam8ks:2936:632de0e2 caught stopping signal...&#xD;
info: Hangfire.Server.BackgroundServerProcess[0]&#xD;
      Server laptop-nsfam8ks:2936:632de0e2 All dispatchers stopped&#xD;
info: Hangfire.Server.BackgroundServerProcess[0]&#xD;
      Server laptop-nsfam8ks:2936:632de0e2 successfully reported itself as stopped in 0.0047 ms&#xD;
info: Hangfire.Server.BackgroundServerProcess[0]&#xD;
      Server laptop-nsfam8ks:2936:632de0e2 has been stopped in total 0.1875 ms&#xD;
warn: EcoBackend.API.Services.LlamaModelService[0]&#xD;
      EcoBot model unavailable: Model file not found: models/ecobot-3b-q5_k_m.gguf&#xD;
info: EcoBackend.API.Services.EcoScorePredictorService[0]&#xD;
      ONNX eco-score model loaded (82 features)&#xD;
info: Hangfire.BackgroundJobServer[0]&#xD;
      Starting Hangfire Server using job storage: 'Hangfire.MemoryStorage.MemoryStorage'&#xD;
info: Hangfire.BackgroundJobServer[0]&#xD;
      Using the following options for Hangfire Server:&#xD;
          Worker count: 20&#xD;
          Listening queues: 'default'&#xD;
          Shutdown timeout: 00:00:15&#xD;
          Schedule polling interval: 00:00:15&#xD;
info: Hangfire.Server.BackgroundServerProcess[0]&#xD;
      Server laptop-nsfam8ks:2936:79c53fe5 successfully announced in 0.0503 ms&#xD;
info: Hangfire.Server.BackgroundServerProcess[0]&#xD;
      Server laptop-nsfam8ks:2936:79c53fe5 is starting the registered dispatchers: ServerWatchdog, ServerJobCancellationWatcher, ExpirationManager, CountersAggregator, Worker, DelayedJobScheduler, RecurringJobScheduler...&#xD;
info: Hangfire.Server.BackgroundServerProcess[0]&#xD;
      Server laptop-nsfam8ks:2936:79c53fe5 all the dispatchers started&#xD;
info: Hangfire.Server.BackgroundServerProcess[0]&#xD;
      Server laptop-nsfam8ks:2936:79c53fe5 caught stopping signal...&#xD;
info: Hangfire.Server.BackgroundServerProcess[0]&#xD;
      Server laptop-nsfam8ks:2936:79c53fe5 All dispatchers stopped&#xD;
info: Hangfire.Server.BackgroundServerProcess[0]&#xD;
      Server laptop-nsfam8ks:2936:79c53fe5 successfully reported itself as stopped in 0.0039 ms&#xD;
info: Hangfire.Server.BackgroundServerProcess[0]&#xD;
      Server laptop-nsfam8ks:2936:79c53fe5 has been stopped in total 0.3718 ms&#xD;
warn: EcoBackend.API.Services.LlamaModelService[0]&#xD;
      EcoBot model unavailable: Model file not found: models/ecobot-3b-q5_k_m.gguf&#xD;
</StdOut>
    </Output>
    <RunInfos>
      <RunInfo computerName="LAPTOP-NSFAM8KS" outcome="Error" timestamp="2026-04-27T13:12:47.9383486+05:30">
        <Text>The active test run was aborted. Reason: Test host process crashed</Text>
      </RunInfo>
    </RunInfos>
  </ResultSummary>
</TestRun>